{"C:\\Users\\Abdullah Karolia\\Desktop\\Project ARENA\\website\\src\\index.js": {"path":"C:\\Users\\Abdullah Karolia\\Desktop\\Project ARENA\\website\\src\\index.js","statementMap":{"0":{"start":{"line":23,"column":12},"end":{"line":46,"column":1}},"1":{"start":{"line":24,"column":2},"end":{"line":45,"column":4}},"2":{"start":{"line":48,"column":0},"end":{"line":48,"column":57}}},"fnMap":{"0":{"name":"(anonymous_0)","decl":{"start":{"line":23,"column":12},"end":{"line":23,"column":13}},"loc":{"start":{"line":23,"column":18},"end":{"line":46,"column":1}},"line":23}},"branchMap":{},"s":{"0":0,"1":0,"2":0},"f":{"0":0},"b":{}}
,"C:\\Users\\Abdullah Karolia\\Desktop\\Project ARENA\\website\\src\\components\\OverflowCard.js": {"path":"C:\\Users\\Abdullah Karolia\\Desktop\\Project ARENA\\website\\src\\components\\OverflowCard.js","statementMap":{"0":{"start":{"line":10,"column":65},"end":{"line":10,"column":70}},"1":{"start":{"line":11,"column":36},"end":{"line":11,"column":54}},"2":{"start":{"line":12,"column":32},"end":{"line":12,"column":53}},"3":{"start":{"line":14,"column":26},"end":{"line":22,"column":3}},"4":{"start":{"line":15,"column":17},"end":{"line":15,"column":36}},"5":{"start":{"line":16,"column":25},"end":{"line":16,"column":53}},"6":{"start":{"line":17,"column":20},"end":{"line":17,"column":78}},"7":{"start":{"line":18,"column":20},"end":{"line":18,"column":78}},"8":{"start":{"line":19,"column":22},"end":{"line":20,"column":40}},"9":{"start":{"line":21,"column":4},"end":{"line":21,"column":28}},"10":{"start":{"line":24,"column":27},"end":{"line":26,"column":3}},"11":{"start":{"line":25,"column":4},"end":{"line":25,"column":21}},"12":{"start":{"line":28,"column":22},"end":{"line":31,"column":3}},"13":{"start":{"line":29,"column":4},"end":{"line":29,"column":25}},"14":{"start":{"line":30,"column":4},"end":{"line":30,"column":14}},"15":{"start":{"line":33,"column":22},"end":{"line":40,"column":3}},"16":{"start":{"line":42,"column":21},"end":{"line":49,"column":3}},"17":{"start":{"line":51,"column":2},"end":{"line":116,"column":4}}},"fnMap":{"0":{"name":"OverflowCard","decl":{"start":{"line":9,"column":24},"end":{"line":9,"column":36}},"loc":{"start":{"line":9,"column":44},"end":{"line":117,"column":1}},"line":9},"1":{"name":"(anonymous_1)","decl":{"start":{"line":14,"column":26},"end":{"line":14,"column":27}},"loc":{"start":{"line":14,"column":37},"end":{"line":22,"column":3}},"line":14},"2":{"name":"(anonymous_2)","decl":{"start":{"line":24,"column":27},"end":{"line":24,"column":28}},"loc":{"start":{"line":24,"column":33},"end":{"line":26,"column":3}},"line":24},"3":{"name":"(anonymous_3)","decl":{"start":{"line":28,"column":22},"end":{"line":28,"column":23}},"loc":{"start":{"line":28,"column":28},"end":{"line":31,"column":3}},"line":28}},"branchMap":{"0":{"loc":{"start":{"line":39,"column":15},"end":{"line":39,"column":61}},"type":"cond-expr","locations":[{"start":{"line":39,"column":25},"end":{"line":39,"column":43}},{"start":{"line":39,"column":46},"end":{"line":39,"column":61}}],"line":39},"1":{"loc":{"start":{"line":48,"column":15},"end":{"line":48,"column":60}},"type":"cond-expr","locations":[{"start":{"line":48,"column":25},"end":{"line":48,"column":40}},{"start":{"line":48,"column":43},"end":{"line":48,"column":60}}],"line":48}},"s":{"0":2,"1":2,"2":2,"3":2,"4":0,"5":0,"6":0,"7":0,"8":0,"9":0,"10":2,"11":0,"12":2,"13":0,"14":0,"15":2,"16":2,"17":2},"f":{"0":2,"1":0,"2":0,"3":0},"b":{"0":[0,2],"1":[0,2]},"_coverageSchema":"1a1c01bbd47fc00a2c39e90264f33305004495a9","hash":"9326d3a0d4ee218632e04c3c9a82836181efbcf4"}
,"C:\\Users\\Abdullah Karolia\\Desktop\\Project ARENA\\website\\src\\components\\OverflowCardPP.js": {"path":"C:\\Users\\Abdullah Karolia\\Desktop\\Project ARENA\\website\\src\\components\\OverflowCardPP.js","statementMap":{"0":{"start":{"line":10,"column":94},"end":{"line":10,"column":99}},"1":{"start":{"line":11,"column":36},"end":{"line":11,"column":54}},"2":{"start":{"line":12,"column":32},"end":{"line":12,"column":53}},"3":{"start":{"line":14,"column":26},"end":{"line":22,"column":3}},"4":{"start":{"line":15,"column":17},"end":{"line":15,"column":36}},"5":{"start":{"line":16,"column":25},"end":{"line":16,"column":53}},"6":{"start":{"line":17,"column":20},"end":{"line":17,"column":78}},"7":{"start":{"line":18,"column":20},"end":{"line":18,"column":78}},"8":{"start":{"line":19,"column":22},"end":{"line":20,"column":40}},"9":{"start":{"line":21,"column":4},"end":{"line":21,"column":28}},"10":{"start":{"line":24,"column":27},"end":{"line":26,"column":3}},"11":{"start":{"line":25,"column":4},"end":{"line":25,"column":21}},"12":{"start":{"line":28,"column":22},"end":{"line":31,"column":3}},"13":{"start":{"line":29,"column":4},"end":{"line":29,"column":25}},"14":{"start":{"line":30,"column":4},"end":{"line":30,"column":14}},"15":{"start":{"line":33,"column":25},"end":{"line":36,"column":3}},"16":{"start":{"line":34,"column":4},"end":{"line":34,"column":28}},"17":{"start":{"line":35,"column":4},"end":{"line":35,"column":20}},"18":{"start":{"line":38,"column":22},"end":{"line":45,"column":3}},"19":{"start":{"line":47,"column":21},"end":{"line":54,"column":3}},"20":{"start":{"line":56,"column":2},"end":{"line":129,"column":4}}},"fnMap":{"0":{"name":"OverflowCardPP","decl":{"start":{"line":9,"column":24},"end":{"line":9,"column":38}},"loc":{"start":{"line":9,"column":46},"end":{"line":130,"column":1}},"line":9},"1":{"name":"(anonymous_1)","decl":{"start":{"line":14,"column":26},"end":{"line":14,"column":27}},"loc":{"start":{"line":14,"column":37},"end":{"line":22,"column":3}},"line":14},"2":{"name":"(anonymous_2)","decl":{"start":{"line":24,"column":27},"end":{"line":24,"column":28}},"loc":{"start":{"line":24,"column":33},"end":{"line":26,"column":3}},"line":24},"3":{"name":"(anonymous_3)","decl":{"start":{"line":28,"column":22},"end":{"line":28,"column":23}},"loc":{"start":{"line":28,"column":28},"end":{"line":31,"column":3}},"line":28},"4":{"name":"(anonymous_4)","decl":{"start":{"line":33,"column":25},"end":{"line":33,"column":26}},"loc":{"start":{"line":33,"column":36},"end":{"line":36,"column":3}},"line":33}},"branchMap":{"0":{"loc":{"start":{"line":44,"column":15},"end":{"line":44,"column":61}},"type":"cond-expr","locations":[{"start":{"line":44,"column":25},"end":{"line":44,"column":43}},{"start":{"line":44,"column":46},"end":{"line":44,"column":61}}],"line":44},"1":{"loc":{"start":{"line":53,"column":15},"end":{"line":53,"column":60}},"type":"cond-expr","locations":[{"start":{"line":53,"column":25},"end":{"line":53,"column":40}},{"start":{"line":53,"column":43},"end":{"line":53,"column":60}}],"line":53},"2":{"loc":{"start":{"line":121,"column":20},"end":{"line":121,"column":59}},"type":"cond-expr","locations":[{"start":{"line":121,"column":35},"end":{"line":121,"column":42}},{"start":{"line":121,"column":45},"end":{"line":121,"column":59}}],"line":121}},"s":{"0":0,"1":0,"2":0,"3":0,"4":0,"5":0,"6":0,"7":0,"8":0,"9":0,"10":0,"11":0,"12":0,"13":0,"14":0,"15":0,"16":0,"17":0,"18":0,"19":0,"20":0},"f":{"0":0,"1":0,"2":0,"3":0,"4":0},"b":{"0":[0,0],"1":[0,0],"2":[0,0]}}
,"C:\\Users\\Abdullah Karolia\\Desktop\\Project ARENA\\website\\src\\components\\TeamInputBox.js": {"path":"C:\\Users\\Abdullah Karolia\\Desktop\\Project ARENA\\website\\src\\components\\TeamInputBox.js","statementMap":{"0":{"start":{"line":8,"column":85},"end":{"line":8,"column":90}},"1":{"start":{"line":9,"column":38},"end":{"line":9,"column":50}},"2":{"start":{"line":11,"column":28},"end":{"line":13,"column":3}},"3":{"start":{"line":12,"column":4},"end":{"line":12,"column":38}},"4":{"start":{"line":15,"column":2},"end":{"line":41,"column":4}},"5":{"start":{"line":34,"column":27},"end":{"line":34,"column":46}}},"fnMap":{"0":{"name":"TeamInputBox","decl":{"start":{"line":7,"column":24},"end":{"line":7,"column":36}},"loc":{"start":{"line":7,"column":44},"end":{"line":42,"column":1}},"line":7},"1":{"name":"(anonymous_1)","decl":{"start":{"line":11,"column":28},"end":{"line":11,"column":29}},"loc":{"start":{"line":11,"column":39},"end":{"line":13,"column":3}},"line":11},"2":{"name":"(anonymous_2)","decl":{"start":{"line":34,"column":21},"end":{"line":34,"column":22}},"loc":{"start":{"line":34,"column":27},"end":{"line":34,"column":46}},"line":34}},"branchMap":{},"s":{"0":3,"1":3,"2":3,"3":0,"4":3,"5":0},"f":{"0":3,"1":0,"2":0},"b":{},"_coverageSchema":"1a1c01bbd47fc00a2c39e90264f33305004495a9","hash":"f83da8931b9c7f2230cdc48e1551741e1e2605b3"}
,"C:\\Users\\Abdullah Karolia\\Desktop\\Project ARENA\\website\\src\\components\\button.js": {"path":"C:\\Users\\Abdullah Karolia\\Desktop\\Project ARENA\\website\\src\\components\\button.js","statementMap":{"0":{"start":{"line":6,"column":2},"end":{"line":17,"column":4}}},"fnMap":{"0":{"name":"ButtonIcons","decl":{"start":{"line":5,"column":24},"end":{"line":5,"column":35}},"loc":{"start":{"line":5,"column":64},"end":{"line":18,"column":1}},"line":5}},"branchMap":{},"s":{"0":6},"f":{"0":6},"b":{},"_coverageSchema":"1a1c01bbd47fc00a2c39e90264f33305004495a9","hash":"5979e0ace60a1227286e181cbae1808ff3c6705b"}
,"C:\\Users\\Abdullah Karolia\\Desktop\\Project ARENA\\website\\src\\components\\datagrid.js": {"path":"C:\\Users\\Abdullah Karolia\\Desktop\\Project ARENA\\website\\src\\components\\datagrid.js","statementMap":{"0":{"start":{"line":6,"column":2},"end":{"line":23,"column":4}}},"fnMap":{"0":{"name":"CustomDataGrid","decl":{"start":{"line":5,"column":24},"end":{"line":5,"column":38}},"loc":{"start":{"line":5,"column":58},"end":{"line":24,"column":1}},"line":5}},"branchMap":{},"s":{"0":4},"f":{"0":4},"b":{},"_coverageSchema":"1a1c01bbd47fc00a2c39e90264f33305004495a9","hash":"341f291509b1b871f9112c913a6f2fb2fafb79fb"}
,"C:\\Users\\Abdullah Karolia\\Desktop\\Project ARENA\\website\\src\\components\\email1.js": {"path":"C:\\Users\\Abdullah Karolia\\Desktop\\Project ARENA\\website\\src\\components\\email1.js","statementMap":{"0":{"start":{"line":7,"column":15},"end":{"line":23,"column":1}},"1":{"start":{"line":8,"column":2},"end":{"line":22,"column":3}},"2":{"start":{"line":25,"column":0},"end":{"line":28,"column":1}},"3":{"start":{"line":30,"column":0},"end":{"line":33,"column":1}}},"fnMap":{"0":{"name":"(anonymous_0)","decl":{"start":{"line":7,"column":15},"end":{"line":7,"column":16}},"loc":{"start":{"line":7,"column":26},"end":{"line":23,"column":1}},"line":7}},"branchMap":{},"s":{"0":1,"1":5,"2":1,"3":1},"f":{"0":5},"b":{},"_coverageSchema":"1a1c01bbd47fc00a2c39e90264f33305004495a9","hash":"4e5cdbe1c263d896a557e2ac90c064f1b5c91432"}
,"C:\\Users\\Abdullah Karolia\\Desktop\\Project ARENA\\website\\src\\components\\input-box-for-info.js": {"path":"C:\\Users\\Abdullah Karolia\\Desktop\\Project ARENA\\website\\src\\components\\input-box-for-info.js","statementMap":{"0":{"start":{"line":6,"column":60},"end":{"line":6,"column":65}},"1":{"start":{"line":8,"column":2},"end":{"line":28,"column":4}}},"fnMap":{"0":{"name":"BasicTextFields","decl":{"start":{"line":5,"column":24},"end":{"line":5,"column":39}},"loc":{"start":{"line":5,"column":47},"end":{"line":29,"column":1}},"line":5}},"branchMap":{"0":{"loc":{"start":{"line":24,"column":14},"end":{"line":24,"column":46}},"type":"cond-expr","locations":[{"start":{"line":24,"column":27},"end":{"line":24,"column":37}},{"start":{"line":24,"column":40},"end":{"line":24,"column":46}}],"line":24}},"s":{"0":12,"1":12},"f":{"0":12},"b":{"0":[1,11]},"_coverageSchema":"1a1c01bbd47fc00a2c39e90264f33305004495a9","hash":"2db7d3efc8625ef50548f9ecc72429818252b2bf"}
,"C:\\Users\\Abdullah Karolia\\Desktop\\Project ARENA\\website\\src\\components\\input-textarea.js": {"path":"C:\\Users\\Abdullah Karolia\\Desktop\\Project ARENA\\website\\src\\components\\input-textarea.js","statementMap":{"0":{"start":{"line":6,"column":30},"end":{"line":6,"column":35}},"1":{"start":{"line":7,"column":2},"end":{"line":28,"column":4}}},"fnMap":{"0":{"name":"MultilineTextFields","decl":{"start":{"line":5,"column":24},"end":{"line":5,"column":43}},"loc":{"start":{"line":5,"column":51},"end":{"line":29,"column":1}},"line":5}},"branchMap":{},"s":{"0":3,"1":3},"f":{"0":3},"b":{},"_coverageSchema":"1a1c01bbd47fc00a2c39e90264f33305004495a9","hash":"65099e8897d75ed5a80cc0c74857cc0e6753bf84"}
,"C:\\Users\\Abdullah Karolia\\Desktop\\Project ARENA\\website\\src\\components\\navigation-links.js": {"path":"C:\\Users\\Abdullah Karolia\\Desktop\\Project ARENA\\website\\src\\components\\navigation-links.js","statementMap":{"0":{"start":{"line":7,"column":24},"end":{"line":17,"column":1}},"1":{"start":{"line":8,"column":2},"end":{"line":16,"column":3}},"2":{"start":{"line":19,"column":0},"end":{"line":26,"column":1}},"3":{"start":{"line":28,"column":0},"end":{"line":35,"column":1}}},"fnMap":{"0":{"name":"(anonymous_0)","decl":{"start":{"line":7,"column":24},"end":{"line":7,"column":25}},"loc":{"start":{"line":7,"column":35},"end":{"line":17,"column":1}},"line":7}},"branchMap":{},"s":{"0":0,"1":0,"2":0,"3":0},"f":{"0":0},"b":{}}
,"C:\\Users\\Abdullah Karolia\\Desktop\\Project ARENA\\website\\src\\components\\navigation-links1.js": {"path":"C:\\Users\\Abdullah Karolia\\Desktop\\Project ARENA\\website\\src\\components\\navigation-links1.js","statementMap":{"0":{"start":{"line":7,"column":25},"end":{"line":17,"column":1}},"1":{"start":{"line":8,"column":2},"end":{"line":16,"column":3}},"2":{"start":{"line":19,"column":0},"end":{"line":26,"column":1}},"3":{"start":{"line":28,"column":0},"end":{"line":35,"column":1}}},"fnMap":{"0":{"name":"(anonymous_0)","decl":{"start":{"line":7,"column":25},"end":{"line":7,"column":26}},"loc":{"start":{"line":7,"column":36},"end":{"line":17,"column":1}},"line":7}},"branchMap":{},"s":{"0":0,"1":0,"2":0,"3":0},"f":{"0":0},"b":{}}
,"C:\\Users\\Abdullah Karolia\\Desktop\\Project ARENA\\website\\src\\components\\navigation-links2.js": {"path":"C:\\Users\\Abdullah Karolia\\Desktop\\Project ARENA\\website\\src\\components\\navigation-links2.js","statementMap":{"0":{"start":{"line":7,"column":25},"end":{"line":17,"column":1}},"1":{"start":{"line":8,"column":2},"end":{"line":16,"column":3}},"2":{"start":{"line":19,"column":0},"end":{"line":26,"column":1}},"3":{"start":{"line":28,"column":0},"end":{"line":35,"column":1}}},"fnMap":{"0":{"name":"(anonymous_0)","decl":{"start":{"line":7,"column":25},"end":{"line":7,"column":26}},"loc":{"start":{"line":7,"column":36},"end":{"line":17,"column":1}},"line":7}},"branchMap":{},"s":{"0":0,"1":0,"2":0,"3":0},"f":{"0":0},"b":{}}
,"C:\\Users\\Abdullah Karolia\\Desktop\\Project ARENA\\website\\src\\components\\navigation-links3.js": {"path":"C:\\Users\\Abdullah Karolia\\Desktop\\Project ARENA\\website\\src\\components\\navigation-links3.js","statementMap":{"0":{"start":{"line":7,"column":25},"end":{"line":17,"column":1}},"1":{"start":{"line":8,"column":2},"end":{"line":16,"column":3}},"2":{"start":{"line":19,"column":0},"end":{"line":26,"column":1}},"3":{"start":{"line":28,"column":0},"end":{"line":35,"column":1}}},"fnMap":{"0":{"name":"(anonymous_0)","decl":{"start":{"line":7,"column":25},"end":{"line":7,"column":26}},"loc":{"start":{"line":7,"column":36},"end":{"line":17,"column":1}},"line":7}},"branchMap":{},"s":{"0":0,"1":0,"2":0,"3":0},"f":{"0":0},"b":{}}
,"C:\\Users\\Abdullah Karolia\\Desktop\\Project ARENA\\website\\src\\components\\navigation-links4.js": {"path":"C:\\Users\\Abdullah Karolia\\Desktop\\Project ARENA\\website\\src\\components\\navigation-links4.js","statementMap":{"0":{"start":{"line":7,"column":25},"end":{"line":17,"column":1}},"1":{"start":{"line":8,"column":2},"end":{"line":16,"column":3}},"2":{"start":{"line":19,"column":0},"end":{"line":26,"column":1}},"3":{"start":{"line":28,"column":0},"end":{"line":35,"column":1}}},"fnMap":{"0":{"name":"(anonymous_0)","decl":{"start":{"line":7,"column":25},"end":{"line":7,"column":26}},"loc":{"start":{"line":7,"column":36},"end":{"line":17,"column":1}},"line":7}},"branchMap":{},"s":{"0":0,"1":0,"2":0,"3":0},"f":{"0":0},"b":{}}
,"C:\\Users\\Abdullah Karolia\\Desktop\\Project ARENA\\website\\src\\components\\phone.js": {"path":"C:\\Users\\Abdullah Karolia\\Desktop\\Project ARENA\\website\\src\\components\\phone.js","statementMap":{"0":{"start":{"line":7,"column":14},"end":{"line":23,"column":1}},"1":{"start":{"line":8,"column":2},"end":{"line":22,"column":3}},"2":{"start":{"line":25,"column":0},"end":{"line":28,"column":1}},"3":{"start":{"line":30,"column":0},"end":{"line":33,"column":1}}},"fnMap":{"0":{"name":"(anonymous_0)","decl":{"start":{"line":7,"column":14},"end":{"line":7,"column":15}},"loc":{"start":{"line":7,"column":25},"end":{"line":23,"column":1}},"line":7}},"branchMap":{},"s":{"0":1,"1":8,"2":1,"3":1},"f":{"0":8},"b":{},"_coverageSchema":"1a1c01bbd47fc00a2c39e90264f33305004495a9","hash":"1570a84c7ad75e8c46534703ea01b2db1ea270da"}
,"C:\\Users\\Abdullah Karolia\\Desktop\\Project ARENA\\website\\src\\components\\table.js": {"path":"C:\\Users\\Abdullah Karolia\\Desktop\\Project ARENA\\website\\src\\components\\table.js","statementMap":{"0":{"start":{"line":5,"column":14},"end":{"line":21,"column":1}},"1":{"start":{"line":6,"column":2},"end":{"line":20,"column":3}}},"fnMap":{"0":{"name":"(anonymous_0)","decl":{"start":{"line":5,"column":14},"end":{"line":5,"column":15}},"loc":{"start":{"line":5,"column":25},"end":{"line":21,"column":1}},"line":5}},"branchMap":{},"s":{"0":1,"1":4},"f":{"0":4},"b":{},"_coverageSchema":"1a1c01bbd47fc00a2c39e90264f33305004495a9","hash":"7d3e01a2435df715434861b47755fbb525b02695"}
,"C:\\Users\\Abdullah Karolia\\Desktop\\Project ARENA\\website\\src\\server\\server.js": {"path":"C:\\Users\\Abdullah Karolia\\Desktop\\Project ARENA\\website\\src\\server\\server.js","statementMap":{"0":{"start":{"line":1,"column":16},"end":{"line":1,"column":34}},"1":{"start":{"line":2,"column":13},"end":{"line":2,"column":28}},"2":{"start":{"line":3,"column":15},"end":{"line":3,"column":32}},"3":{"start":{"line":4,"column":16},"end":{"line":4,"column":42}},"4":{"start":{"line":5,"column":14},"end":{"line":5,"column":30}},"5":{"start":{"line":6,"column":0},"end":{"line":6,"column":16}},"6":{"start":{"line":8,"column":12},"end":{"line":8,"column":21}},"7":{"start":{"line":9,"column":13},"end":{"line":9,"column":17}},"8":{"start":{"line":10,"column":0},"end":{"line":10,"column":16}},"9":{"start":{"line":11,"column":0},"end":{"line":11,"column":24}},"10":{"start":{"line":13,"column":11},"end":{"line":19,"column":2}},"11":{"start":{"line":21,"column":0},"end":{"line":32,"column":3}},"12":{"start":{"line":22,"column":2},"end":{"line":31,"column":3}},"13":{"start":{"line":23,"column":4},"end":{"line":25,"column":6}},"14":{"start":{"line":26,"column":4},"end":{"line":26,"column":35}},"15":{"start":{"line":28,"column":4},"end":{"line":28,"column":20}},"16":{"start":{"line":30,"column":4},"end":{"line":30,"column":41}},"17":{"start":{"line":35,"column":0},"end":{"line":37,"column":3}},"18":{"start":{"line":36,"column":2},"end":{"line":36,"column":26}},"19":{"start":{"line":40,"column":0},"end":{"line":48,"column":3}},"20":{"start":{"line":41,"column":2},"end":{"line":47,"column":5}},"21":{"start":{"line":42,"column":4},"end":{"line":45,"column":5}},"22":{"start":{"line":43,"column":6},"end":{"line":43,"column":20}},"23":{"start":{"line":44,"column":6},"end":{"line":44,"column":23}},"24":{"start":{"line":46,"column":4},"end":{"line":46,"column":21}},"25":{"start":{"line":51,"column":0},"end":{"line":69,"column":3}},"26":{"start":{"line":52,"column":15},"end":{"line":52,"column":28}},"27":{"start":{"line":53,"column":18},"end":{"line":53,"column":34}},"28":{"start":{"line":54,"column":16},"end":{"line":54,"column":30}},"29":{"start":{"line":55,"column":19},"end":{"line":55,"column":36}},"30":{"start":{"line":56,"column":19},"end":{"line":56,"column":36}},"31":{"start":{"line":58,"column":2},"end":{"line":68,"column":4}},"32":{"start":{"line":62,"column":6},"end":{"line":65,"column":7}},"33":{"start":{"line":63,"column":8},"end":{"line":63,"column":22}},"34":{"start":{"line":64,"column":8},"end":{"line":64,"column":25}},"35":{"start":{"line":66,"column":6},"end":{"line":66,"column":26}},"36":{"start":{"line":72,"column":0},"end":{"line":87,"column":3}},"37":{"start":{"line":73,"column":19},"end":{"line":73,"column":36}},"38":{"start":{"line":74,"column":19},"end":{"line":74,"column":36}},"39":{"start":{"line":76,"column":2},"end":{"line":86,"column":4}},"40":{"start":{"line":80,"column":6},"end":{"line":83,"column":7}},"41":{"start":{"line":81,"column":8},"end":{"line":81,"column":22}},"42":{"start":{"line":82,"column":8},"end":{"line":82,"column":25}},"43":{"start":{"line":84,"column":6},"end":{"line":84,"column":26}},"44":{"start":{"line":90,"column":0},"end":{"line":98,"column":3}},"45":{"start":{"line":91,"column":2},"end":{"line":97,"column":5}},"46":{"start":{"line":92,"column":4},"end":{"line":95,"column":5}},"47":{"start":{"line":93,"column":6},"end":{"line":93,"column":20}},"48":{"start":{"line":94,"column":6},"end":{"line":94,"column":23}},"49":{"start":{"line":96,"column":4},"end":{"line":96,"column":21}},"50":{"start":{"line":101,"column":0},"end":{"line":113,"column":3}},"51":{"start":{"line":102,"column":25},"end":{"line":102,"column":48}},"52":{"start":{"line":104,"column":2},"end":{"line":112,"column":4}},"53":{"start":{"line":108,"column":6},"end":{"line":110,"column":7}},"54":{"start":{"line":109,"column":8},"end":{"line":109,"column":25}},"55":{"start":{"line":116,"column":0},"end":{"line":126,"column":3}},"56":{"start":{"line":118,"column":19},"end":{"line":118,"column":38}},"57":{"start":{"line":119,"column":2},"end":{"line":125,"column":7}},"58":{"start":{"line":121,"column":6},"end":{"line":123,"column":7}},"59":{"start":{"line":122,"column":8},"end":{"line":122,"column":24}},"60":{"start":{"line":124,"column":6},"end":{"line":124,"column":22}},"61":{"start":{"line":129,"column":0},"end":{"line":153,"column":3}},"62":{"start":{"line":130,"column":44},"end":{"line":130,"column":52}},"63":{"start":{"line":132,"column":2},"end":{"line":152,"column":7}},"64":{"start":{"line":147,"column":6},"end":{"line":147,"column":54}},"65":{"start":{"line":150,"column":6},"end":{"line":150,"column":30}},"66":{"start":{"line":151,"column":6},"end":{"line":151,"column":50}},"67":{"start":{"line":156,"column":0},"end":{"line":166,"column":3}},"68":{"start":{"line":158,"column":19},"end":{"line":158,"column":38}},"69":{"start":{"line":159,"column":2},"end":{"line":165,"column":7}},"70":{"start":{"line":161,"column":6},"end":{"line":163,"column":7}},"71":{"start":{"line":162,"column":8},"end":{"line":162,"column":24}},"72":{"start":{"line":164,"column":6},"end":{"line":164,"column":22}},"73":{"start":{"line":169,"column":0},"end":{"line":179,"column":3}},"74":{"start":{"line":171,"column":19},"end":{"line":171,"column":38}},"75":{"start":{"line":172,"column":2},"end":{"line":178,"column":7}},"76":{"start":{"line":174,"column":6},"end":{"line":176,"column":7}},"77":{"start":{"line":175,"column":8},"end":{"line":175,"column":24}},"78":{"start":{"line":177,"column":6},"end":{"line":177,"column":22}},"79":{"start":{"line":180,"column":0},"end":{"line":199,"column":3}},"80":{"start":{"line":184,"column":18},"end":{"line":184,"column":34}},"81":{"start":{"line":185,"column":20},"end":{"line":185,"column":38}},"82":{"start":{"line":186,"column":20},"end":{"line":186,"column":38}},"83":{"start":{"line":188,"column":2},"end":{"line":198,"column":4}},"84":{"start":{"line":192,"column":6},"end":{"line":195,"column":7}},"85":{"start":{"line":193,"column":8},"end":{"line":193,"column":22}},"86":{"start":{"line":194,"column":8},"end":{"line":194,"column":25}},"87":{"start":{"line":196,"column":6},"end":{"line":196,"column":26}},"88":{"start":{"line":203,"column":0},"end":{"line":213,"column":3}},"89":{"start":{"line":205,"column":20},"end":{"line":205,"column":40}},"90":{"start":{"line":206,"column":2},"end":{"line":212,"column":7}},"91":{"start":{"line":208,"column":6},"end":{"line":210,"column":7}},"92":{"start":{"line":209,"column":8},"end":{"line":209,"column":24}},"93":{"start":{"line":211,"column":6},"end":{"line":211,"column":22}},"94":{"start":{"line":217,"column":0},"end":{"line":227,"column":3}},"95":{"start":{"line":219,"column":20},"end":{"line":219,"column":40}},"96":{"start":{"line":220,"column":2},"end":{"line":226,"column":7}},"97":{"start":{"line":222,"column":6},"end":{"line":224,"column":7}},"98":{"start":{"line":223,"column":8},"end":{"line":223,"column":24}},"99":{"start":{"line":225,"column":6},"end":{"line":225,"column":22}},"100":{"start":{"line":232,"column":0},"end":{"line":242,"column":3}},"101":{"start":{"line":234,"column":20},"end":{"line":234,"column":40}},"102":{"start":{"line":235,"column":2},"end":{"line":241,"column":7}},"103":{"start":{"line":237,"column":6},"end":{"line":239,"column":7}},"104":{"start":{"line":238,"column":8},"end":{"line":238,"column":24}},"105":{"start":{"line":240,"column":6},"end":{"line":240,"column":22}},"106":{"start":{"line":245,"column":0},"end":{"line":261,"column":3}},"107":{"start":{"line":246,"column":18},"end":{"line":246,"column":34}},"108":{"start":{"line":247,"column":20},"end":{"line":247,"column":38}},"109":{"start":{"line":248,"column":20},"end":{"line":248,"column":38}},"110":{"start":{"line":250,"column":2},"end":{"line":260,"column":4}},"111":{"start":{"line":254,"column":6},"end":{"line":257,"column":7}},"112":{"start":{"line":255,"column":8},"end":{"line":255,"column":22}},"113":{"start":{"line":256,"column":8},"end":{"line":256,"column":25}},"114":{"start":{"line":258,"column":6},"end":{"line":258,"column":26}},"115":{"start":{"line":264,"column":0},"end":{"line":274,"column":3}},"116":{"start":{"line":266,"column":19},"end":{"line":266,"column":38}},"117":{"start":{"line":267,"column":2},"end":{"line":273,"column":7}},"118":{"start":{"line":269,"column":6},"end":{"line":271,"column":7}},"119":{"start":{"line":270,"column":8},"end":{"line":270,"column":24}},"120":{"start":{"line":272,"column":6},"end":{"line":272,"column":22}},"121":{"start":{"line":277,"column":0},"end":{"line":287,"column":3}},"122":{"start":{"line":279,"column":19},"end":{"line":279,"column":38}},"123":{"start":{"line":280,"column":2},"end":{"line":286,"column":7}},"124":{"start":{"line":282,"column":6},"end":{"line":284,"column":7}},"125":{"start":{"line":283,"column":8},"end":{"line":283,"column":24}},"126":{"start":{"line":285,"column":6},"end":{"line":285,"column":22}},"127":{"start":{"line":290,"column":0},"end":{"line":307,"column":3}},"128":{"start":{"line":291,"column":17},"end":{"line":291,"column":33}},"129":{"start":{"line":292,"column":16},"end":{"line":292,"column":35}},"130":{"start":{"line":293,"column":19},"end":{"line":293,"column":41}},"131":{"start":{"line":294,"column":19},"end":{"line":294,"column":41}},"132":{"start":{"line":296,"column":2},"end":{"line":306,"column":4}},"133":{"start":{"line":300,"column":6},"end":{"line":303,"column":7}},"134":{"start":{"line":301,"column":8},"end":{"line":301,"column":22}},"135":{"start":{"line":302,"column":8},"end":{"line":302,"column":25}},"136":{"start":{"line":304,"column":6},"end":{"line":304,"column":26}},"137":{"start":{"line":310,"column":0},"end":{"line":312,"column":3}},"138":{"start":{"line":311,"column":2},"end":{"line":311,"column":51}}},"fnMap":{"0":{"name":"(anonymous_0)","decl":{"start":{"line":21,"column":11},"end":{"line":21,"column":12}},"loc":{"start":{"line":21,"column":20},"end":{"line":32,"column":1}},"line":21},"1":{"name":"(anonymous_1)","decl":{"start":{"line":35,"column":13},"end":{"line":35,"column":14}},"loc":{"start":{"line":35,"column":27},"end":{"line":37,"column":1}},"line":35},"2":{"name":"(anonymous_2)","decl":{"start":{"line":40,"column":26},"end":{"line":40,"column":27}},"loc":{"start":{"line":40,"column":40},"end":{"line":48,"column":1}},"line":40},"3":{"name":"(anonymous_3)","decl":{"start":{"line":41,"column":34},"end":{"line":41,"column":35}},"loc":{"start":{"line":41,"column":51},"end":{"line":47,"column":3}},"line":41},"4":{"name":"(anonymous_4)","decl":{"start":{"line":51,"column":31},"end":{"line":51,"column":32}},"loc":{"start":{"line":51,"column":45},"end":{"line":69,"column":1}},"line":51},"5":{"name":"(anonymous_5)","decl":{"start":{"line":61,"column":4},"end":{"line":61,"column":5}},"loc":{"start":{"line":61,"column":21},"end":{"line":67,"column":5}},"line":61},"6":{"name":"(anonymous_6)","decl":{"start":{"line":72,"column":28},"end":{"line":72,"column":29}},"loc":{"start":{"line":72,"column":42},"end":{"line":87,"column":1}},"line":72},"7":{"name":"(anonymous_7)","decl":{"start":{"line":79,"column":4},"end":{"line":79,"column":5}},"loc":{"start":{"line":79,"column":21},"end":{"line":85,"column":5}},"line":79},"8":{"name":"(anonymous_8)","decl":{"start":{"line":90,"column":33},"end":{"line":90,"column":34}},"loc":{"start":{"line":90,"column":47},"end":{"line":98,"column":1}},"line":90},"9":{"name":"(anonymous_9)","decl":{"start":{"line":91,"column":48},"end":{"line":91,"column":49}},"loc":{"start":{"line":91,"column":65},"end":{"line":97,"column":3}},"line":91},"10":{"name":"(anonymous_10)","decl":{"start":{"line":101,"column":43},"end":{"line":101,"column":44}},"loc":{"start":{"line":101,"column":57},"end":{"line":113,"column":1}},"line":101},"11":{"name":"(anonymous_11)","decl":{"start":{"line":107,"column":4},"end":{"line":107,"column":5}},"loc":{"start":{"line":107,"column":21},"end":{"line":111,"column":5}},"line":107},"12":{"name":"(anonymous_12)","decl":{"start":{"line":116,"column":39},"end":{"line":116,"column":40}},"loc":{"start":{"line":116,"column":53},"end":{"line":126,"column":1}},"line":116},"13":{"name":"(anonymous_13)","decl":{"start":{"line":120,"column":4},"end":{"line":120,"column":5}},"loc":{"start":{"line":120,"column":21},"end":{"line":125,"column":5}},"line":120},"14":{"name":"(anonymous_14)","decl":{"start":{"line":129,"column":28},"end":{"line":129,"column":29}},"loc":{"start":{"line":129,"column":42},"end":{"line":153,"column":1}},"line":129},"15":{"name":"(anonymous_15)","decl":{"start":{"line":146,"column":10},"end":{"line":146,"column":11}},"loc":{"start":{"line":146,"column":22},"end":{"line":148,"column":5}},"line":146},"16":{"name":"(anonymous_16)","decl":{"start":{"line":149,"column":11},"end":{"line":149,"column":12}},"loc":{"start":{"line":149,"column":22},"end":{"line":152,"column":5}},"line":149},"17":{"name":"(anonymous_17)","decl":{"start":{"line":156,"column":40},"end":{"line":156,"column":41}},"loc":{"start":{"line":156,"column":54},"end":{"line":166,"column":1}},"line":156},"18":{"name":"(anonymous_18)","decl":{"start":{"line":160,"column":4},"end":{"line":160,"column":5}},"loc":{"start":{"line":160,"column":21},"end":{"line":165,"column":5}},"line":160},"19":{"name":"(anonymous_19)","decl":{"start":{"line":169,"column":38},"end":{"line":169,"column":39}},"loc":{"start":{"line":169,"column":52},"end":{"line":179,"column":1}},"line":169},"20":{"name":"(anonymous_20)","decl":{"start":{"line":173,"column":4},"end":{"line":173,"column":5}},"loc":{"start":{"line":173,"column":21},"end":{"line":178,"column":5}},"line":173},"21":{"name":"(anonymous_21)","decl":{"start":{"line":183,"column":34},"end":{"line":183,"column":35}},"loc":{"start":{"line":183,"column":48},"end":{"line":199,"column":1}},"line":183},"22":{"name":"(anonymous_22)","decl":{"start":{"line":191,"column":4},"end":{"line":191,"column":5}},"loc":{"start":{"line":191,"column":21},"end":{"line":197,"column":5}},"line":191},"23":{"name":"(anonymous_23)","decl":{"start":{"line":203,"column":45},"end":{"line":203,"column":46}},"loc":{"start":{"line":203,"column":59},"end":{"line":213,"column":1}},"line":203},"24":{"name":"(anonymous_24)","decl":{"start":{"line":207,"column":4},"end":{"line":207,"column":5}},"loc":{"start":{"line":207,"column":21},"end":{"line":212,"column":5}},"line":207},"25":{"name":"(anonymous_25)","decl":{"start":{"line":217,"column":45},"end":{"line":217,"column":46}},"loc":{"start":{"line":217,"column":59},"end":{"line":227,"column":1}},"line":217},"26":{"name":"(anonymous_26)","decl":{"start":{"line":221,"column":4},"end":{"line":221,"column":5}},"loc":{"start":{"line":221,"column":21},"end":{"line":226,"column":5}},"line":221},"27":{"name":"(anonymous_27)","decl":{"start":{"line":232,"column":44},"end":{"line":232,"column":45}},"loc":{"start":{"line":232,"column":58},"end":{"line":242,"column":1}},"line":232},"28":{"name":"(anonymous_28)","decl":{"start":{"line":236,"column":4},"end":{"line":236,"column":5}},"loc":{"start":{"line":236,"column":21},"end":{"line":241,"column":5}},"line":236},"29":{"name":"(anonymous_29)","decl":{"start":{"line":245,"column":33},"end":{"line":245,"column":34}},"loc":{"start":{"line":245,"column":47},"end":{"line":261,"column":1}},"line":245},"30":{"name":"(anonymous_30)","decl":{"start":{"line":253,"column":4},"end":{"line":253,"column":5}},"loc":{"start":{"line":253,"column":21},"end":{"line":259,"column":5}},"line":253},"31":{"name":"(anonymous_31)","decl":{"start":{"line":264,"column":37},"end":{"line":264,"column":38}},"loc":{"start":{"line":264,"column":51},"end":{"line":274,"column":1}},"line":264},"32":{"name":"(anonymous_32)","decl":{"start":{"line":268,"column":4},"end":{"line":268,"column":5}},"loc":{"start":{"line":268,"column":21},"end":{"line":273,"column":5}},"line":268},"33":{"name":"(anonymous_33)","decl":{"start":{"line":277,"column":42},"end":{"line":277,"column":43}},"loc":{"start":{"line":277,"column":56},"end":{"line":287,"column":1}},"line":277},"34":{"name":"(anonymous_34)","decl":{"start":{"line":281,"column":4},"end":{"line":281,"column":5}},"loc":{"start":{"line":281,"column":21},"end":{"line":286,"column":5}},"line":281},"35":{"name":"(anonymous_35)","decl":{"start":{"line":290,"column":36},"end":{"line":290,"column":37}},"loc":{"start":{"line":290,"column":50},"end":{"line":307,"column":1}},"line":290},"36":{"name":"(anonymous_36)","decl":{"start":{"line":299,"column":4},"end":{"line":299,"column":5}},"loc":{"start":{"line":299,"column":21},"end":{"line":305,"column":5}},"line":299},"37":{"name":"(anonymous_37)","decl":{"start":{"line":310,"column":17},"end":{"line":310,"column":18}},"loc":{"start":{"line":310,"column":23},"end":{"line":312,"column":1}},"line":310}},"branchMap":{"0":{"loc":{"start":{"line":22,"column":2},"end":{"line":31,"column":3}},"type":"if","locations":[{"start":{"line":22,"column":2},"end":{"line":31,"column":3}},{"start":{"line":29,"column":9},"end":{"line":31,"column":3}}],"line":22},"1":{"loc":{"start":{"line":42,"column":4},"end":{"line":45,"column":5}},"type":"if","locations":[{"start":{"line":42,"column":4},"end":{"line":45,"column":5}},{"start":{},"end":{}}],"line":42},"2":{"loc":{"start":{"line":62,"column":6},"end":{"line":65,"column":7}},"type":"if","locations":[{"start":{"line":62,"column":6},"end":{"line":65,"column":7}},{"start":{},"end":{}}],"line":62},"3":{"loc":{"start":{"line":80,"column":6},"end":{"line":83,"column":7}},"type":"if","locations":[{"start":{"line":80,"column":6},"end":{"line":83,"column":7}},{"start":{},"end":{}}],"line":80},"4":{"loc":{"start":{"line":92,"column":4},"end":{"line":95,"column":5}},"type":"if","locations":[{"start":{"line":92,"column":4},"end":{"line":95,"column":5}},{"start":{},"end":{}}],"line":92},"5":{"loc":{"start":{"line":108,"column":6},"end":{"line":110,"column":7}},"type":"if","locations":[{"start":{"line":108,"column":6},"end":{"line":110,"column":7}},{"start":{},"end":{}}],"line":108},"6":{"loc":{"start":{"line":121,"column":6},"end":{"line":123,"column":7}},"type":"if","locations":[{"start":{"line":121,"column":6},"end":{"line":123,"column":7}},{"start":{},"end":{}}],"line":121},"7":{"loc":{"start":{"line":161,"column":6},"end":{"line":163,"column":7}},"type":"if","locations":[{"start":{"line":161,"column":6},"end":{"line":163,"column":7}},{"start":{},"end":{}}],"line":161},"8":{"loc":{"start":{"line":174,"column":6},"end":{"line":176,"column":7}},"type":"if","locations":[{"start":{"line":174,"column":6},"end":{"line":176,"column":7}},{"start":{},"end":{}}],"line":174},"9":{"loc":{"start":{"line":192,"column":6},"end":{"line":195,"column":7}},"type":"if","locations":[{"start":{"line":192,"column":6},"end":{"line":195,"column":7}},{"start":{},"end":{}}],"line":192},"10":{"loc":{"start":{"line":208,"column":6},"end":{"line":210,"column":7}},"type":"if","locations":[{"start":{"line":208,"column":6},"end":{"line":210,"column":7}},{"start":{},"end":{}}],"line":208},"11":{"loc":{"start":{"line":222,"column":6},"end":{"line":224,"column":7}},"type":"if","locations":[{"start":{"line":222,"column":6},"end":{"line":224,"column":7}},{"start":{},"end":{}}],"line":222},"12":{"loc":{"start":{"line":237,"column":6},"end":{"line":239,"column":7}},"type":"if","locations":[{"start":{"line":237,"column":6},"end":{"line":239,"column":7}},{"start":{},"end":{}}],"line":237},"13":{"loc":{"start":{"line":254,"column":6},"end":{"line":257,"column":7}},"type":"if","locations":[{"start":{"line":254,"column":6},"end":{"line":257,"column":7}},{"start":{},"end":{}}],"line":254},"14":{"loc":{"start":{"line":269,"column":6},"end":{"line":271,"column":7}},"type":"if","locations":[{"start":{"line":269,"column":6},"end":{"line":271,"column":7}},{"start":{},"end":{}}],"line":269},"15":{"loc":{"start":{"line":282,"column":6},"end":{"line":284,"column":7}},"type":"if","locations":[{"start":{"line":282,"column":6},"end":{"line":284,"column":7}},{"start":{},"end":{}}],"line":282},"16":{"loc":{"start":{"line":300,"column":6},"end":{"line":303,"column":7}},"type":"if","locations":[{"start":{"line":300,"column":6},"end":{"line":303,"column":7}},{"start":{},"end":{}}],"line":300}},"s":{"0":0,"1":0,"2":0,"3":0,"4":0,"5":0,"6":0,"7":0,"8":0,"9":0,"10":0,"11":0,"12":0,"13":0,"14":0,"15":0,"16":0,"17":0,"18":0,"19":0,"20":0,"21":0,"22":0,"23":0,"24":0,"25":0,"26":0,"27":0,"28":0,"29":0,"30":0,"31":0,"32":0,"33":0,"34":0,"35":0,"36":0,"37":0,"38":0,"39":0,"40":0,"41":0,"42":0,"43":0,"44":0,"45":0,"46":0,"47":0,"48":0,"49":0,"50":0,"51":0,"52":0,"53":0,"54":0,"55":0,"56":0,"57":0,"58":0,"59":0,"60":0,"61":0,"62":0,"63":0,"64":0,"65":0,"66":0,"67":0,"68":0,"69":0,"70":0,"71":0,"72":0,"73":0,"74":0,"75":0,"76":0,"77":0,"78":0,"79":0,"80":0,"81":0,"82":0,"83":0,"84":0,"85":0,"86":0,"87":0,"88":0,"89":0,"90":0,"91":0,"92":0,"93":0,"94":0,"95":0,"96":0,"97":0,"98":0,"99":0,"100":0,"101":0,"102":0,"103":0,"104":0,"105":0,"106":0,"107":0,"108":0,"109":0,"110":0,"111":0,"112":0,"113":0,"114":0,"115":0,"116":0,"117":0,"118":0,"119":0,"120":0,"121":0,"122":0,"123":0,"124":0,"125":0,"126":0,"127":0,"128":0,"129":0,"130":0,"131":0,"132":0,"133":0,"134":0,"135":0,"136":0,"137":0,"138":0},"f":{"0":0,"1":0,"2":0,"3":0,"4":0,"5":0,"6":0,"7":0,"8":0,"9":0,"10":0,"11":0,"12":0,"13":0,"14":0,"15":0,"16":0,"17":0,"18":0,"19":0,"20":0,"21":0,"22":0,"23":0,"24":0,"25":0,"26":0,"27":0,"28":0,"29":0,"30":0,"31":0,"32":0,"33":0,"34":0,"35":0,"36":0,"37":0},"b":{"0":[0,0],"1":[0,0],"2":[0,0],"3":[0,0],"4":[0,0],"5":[0,0],"6":[0,0],"7":[0,0],"8":[0,0],"9":[0,0],"10":[0,0],"11":[0,0],"12":[0,0],"13":[0,0],"14":[0,0],"15":[0,0],"16":[0,0]}}
,"C:\\Users\\Abdullah Karolia\\Desktop\\Project ARENA\\website\\src\\views\\about.js": {"path":"C:\\Users\\Abdullah Karolia\\Desktop\\Project ARENA\\website\\src\\views\\about.js","statementMap":{"0":{"start":{"line":6,"column":14},"end":{"line":73,"column":1}},"1":{"start":{"line":7,"column":2},"end":{"line":72,"column":4}}},"fnMap":{"0":{"name":"(anonymous_0)","decl":{"start":{"line":6,"column":14},"end":{"line":6,"column":15}},"loc":{"start":{"line":6,"column":25},"end":{"line":73,"column":1}},"line":6}},"branchMap":{},"s":{"0":1,"1":7},"f":{"0":7},"b":{},"_coverageSchema":"1a1c01bbd47fc00a2c39e90264f33305004495a9","hash":"3697003eca75dcda162a127eb9a2b37f1552eed6"}
,"C:\\Users\\Abdullah Karolia\\Desktop\\Project ARENA\\website\\src\\views\\admin-competitions.js": {"path":"C:\\Users\\Abdullah Karolia\\Desktop\\Project ARENA\\website\\src\\views\\admin-competitions.js","statementMap":{"0":{"start":{"line":24,"column":32},"end":{"line":24,"column":47}},"1":{"start":{"line":25,"column":34},"end":{"line":25,"column":46}},"2":{"start":{"line":26,"column":32},"end":{"line":26,"column":46}},"3":{"start":{"line":34,"column":26},"end":{"line":34,"column":44}},"4":{"start":{"line":36,"column":2},"end":{"line":54,"column":9}},"5":{"start":{"line":37,"column":4},"end":{"line":53,"column":9}},"6":{"start":{"line":40,"column":21},"end":{"line":51,"column":11}},"7":{"start":{"line":40,"column":57},"end":{"line":51,"column":9}},"8":{"start":{"line":52,"column":8},"end":{"line":52,"column":22}},"9":{"start":{"line":56,"column":18},"end":{"line":66,"column":3}},"10":{"start":{"line":68,"column":2},"end":{"line":68,"column":82}},"11":{"start":{"line":71,"column":26},"end":{"line":240,"column":1}},"12":{"start":{"line":72,"column":34},"end":{"line":72,"column":46}},"13":{"start":{"line":73,"column":32},"end":{"line":73,"column":44}},"14":{"start":{"line":74,"column":28},"end":{"line":80,"column":4}},"15":{"start":{"line":82,"column":32},"end":{"line":82,"column":47}},"16":{"start":{"line":84,"column":44},"end":{"line":84,"column":59}},"17":{"start":{"line":86,"column":27},"end":{"line":88,"column":3}},"18":{"start":{"line":87,"column":4},"end":{"line":87,"column":42}},"19":{"start":{"line":90,"column":28},"end":{"line":92,"column":3}},"20":{"start":{"line":91,"column":4},"end":{"line":91,"column":28}},"21":{"start":{"line":94,"column":2},"end":{"line":239,"column":3}},"22":{"start":{"line":105,"column":31},"end":{"line":105,"column":58}},"23":{"start":{"line":110,"column":31},"end":{"line":110,"column":57}},"24":{"start":{"line":115,"column":16},"end":{"line":115,"column":39}},"25":{"start":{"line":116,"column":16},"end":{"line":116,"column":46}},"26":{"start":{"line":124,"column":18},"end":{"line":124,"column":40}},"27":{"start":{"line":128,"column":20},"end":{"line":128,"column":40}},"28":{"start":{"line":144,"column":18},"end":{"line":144,"column":35}},"29":{"start":{"line":145,"column":18},"end":{"line":145,"column":42}},"30":{"start":{"line":146,"column":18},"end":{"line":146,"column":48}},"31":{"start":{"line":156,"column":12},"end":{"line":156,"column":28}},"32":{"start":{"line":157,"column":12},"end":{"line":157,"column":42}}},"fnMap":{"0":{"name":"CompetitionModal","decl":{"start":{"line":23,"column":9},"end":{"line":23,"column":25}},"loc":{"start":{"line":23,"column":28},"end":{"line":29,"column":1}},"line":23},"1":{"name":"GenGrid","decl":{"start":{"line":33,"column":9},"end":{"line":33,"column":16}},"loc":{"start":{"line":33,"column":19},"end":{"line":69,"column":1}},"line":33},"2":{"name":"(anonymous_2)","decl":{"start":{"line":36,"column":18},"end":{"line":36,"column":19}},"loc":{"start":{"line":36,"column":24},"end":{"line":54,"column":3}},"line":36},"3":{"name":"(anonymous_3)","decl":{"start":{"line":39,"column":12},"end":{"line":39,"column":13}},"loc":{"start":{"line":39,"column":26},"end":{"line":53,"column":7}},"line":39},"4":{"name":"(anonymous_4)","decl":{"start":{"line":40,"column":39},"end":{"line":40,"column":40}},"loc":{"start":{"line":40,"column":57},"end":{"line":51,"column":9}},"line":40},"5":{"name":"(anonymous_5)","decl":{"start":{"line":71,"column":26},"end":{"line":71,"column":27}},"loc":{"start":{"line":71,"column":37},"end":{"line":240,"column":1}},"line":71},"6":{"name":"(anonymous_6)","decl":{"start":{"line":86,"column":27},"end":{"line":86,"column":28}},"loc":{"start":{"line":86,"column":36},"end":{"line":88,"column":3}},"line":86},"7":{"name":"(anonymous_7)","decl":{"start":{"line":90,"column":28},"end":{"line":90,"column":29}},"loc":{"start":{"line":90,"column":34},"end":{"line":92,"column":3}},"line":90},"8":{"name":"(anonymous_8)","decl":{"start":{"line":105,"column":24},"end":{"line":105,"column":25}},"loc":{"start":{"line":105,"column":31},"end":{"line":105,"column":58}},"line":105},"9":{"name":"(anonymous_9)","decl":{"start":{"line":110,"column":24},"end":{"line":110,"column":25}},"loc":{"start":{"line":110,"column":31},"end":{"line":110,"column":57}},"line":110},"10":{"name":"(anonymous_10)","decl":{"start":{"line":114,"column":23},"end":{"line":114,"column":24}},"loc":{"start":{"line":114,"column":29},"end":{"line":117,"column":15}},"line":114},"11":{"name":"(anonymous_11)","decl":{"start":{"line":123,"column":30},"end":{"line":123,"column":31}},"loc":{"start":{"line":123,"column":39},"end":{"line":125,"column":17}},"line":123},"12":{"name":"(anonymous_12)","decl":{"start":{"line":127,"column":27},"end":{"line":127,"column":28}},"loc":{"start":{"line":127,"column":33},"end":{"line":129,"column":19}},"line":127},"13":{"name":"(anonymous_13)","decl":{"start":{"line":143,"column":25},"end":{"line":143,"column":26}},"loc":{"start":{"line":143,"column":31},"end":{"line":147,"column":17}},"line":143},"14":{"name":"(anonymous_14)","decl":{"start":{"line":155,"column":19},"end":{"line":155,"column":20}},"loc":{"start":{"line":155,"column":25},"end":{"line":158,"column":11}},"line":155}},"branchMap":{"0":{"loc":{"start":{"line":119,"column":13},"end":{"line":132,"column":13}},"type":"binary-expr","locations":[{"start":{"line":119,"column":13},"end":{"line":119,"column":26}},{"start":{"line":120,"column":14},"end":{"line":131,"column":16}}],"line":119}},"s":{"0":0,"1":0,"2":0,"3":0,"4":0,"5":0,"6":0,"7":0,"8":0,"9":0,"10":0,"11":0,"12":0,"13":0,"14":0,"15":0,"16":0,"17":0,"18":0,"19":0,"20":0,"21":0,"22":0,"23":0,"24":0,"25":0,"26":0,"27":0,"28":0,"29":0,"30":0,"31":0,"32":0},"f":{"0":0,"1":0,"2":0,"3":0,"4":0,"5":0,"6":0,"7":0,"8":0,"9":0,"10":0,"11":0,"12":0,"13":0,"14":0},"b":{"0":[0,0]}}
,"C:\\Users\\Abdullah Karolia\\Desktop\\Project ARENA\\website\\src\\views\\admin-home.js": {"path":"C:\\Users\\Abdullah Karolia\\Desktop\\Project ARENA\\website\\src\\views\\admin-home.js","statementMap":{"0":{"start":{"line":7,"column":18},"end":{"line":95,"column":1}},"1":{"start":{"line":8,"column":19},"end":{"line":8,"column":53}},"2":{"start":{"line":11,"column":25},"end":{"line":21,"column":3}},"3":{"start":{"line":12,"column":4},"end":{"line":20,"column":9}},"4":{"start":{"line":15,"column":8},"end":{"line":15,"column":69}},"5":{"start":{"line":16,"column":8},"end":{"line":16,"column":75}},"6":{"start":{"line":17,"column":8},"end":{"line":17,"column":80}},"7":{"start":{"line":18,"column":8},"end":{"line":18,"column":33}},"8":{"start":{"line":19,"column":8},"end":{"line":19,"column":27}},"9":{"start":{"line":23,"column":2},"end":{"line":23,"column":35}},"10":{"start":{"line":25,"column":2},"end":{"line":94,"column":3}}},"fnMap":{"0":{"name":"(anonymous_0)","decl":{"start":{"line":7,"column":18},"end":{"line":7,"column":19}},"loc":{"start":{"line":7,"column":29},"end":{"line":95,"column":1}},"line":7},"1":{"name":"(anonymous_1)","decl":{"start":{"line":11,"column":25},"end":{"line":11,"column":26}},"loc":{"start":{"line":11,"column":31},"end":{"line":21,"column":3}},"line":11},"2":{"name":"(anonymous_2)","decl":{"start":{"line":14,"column":12},"end":{"line":14,"column":13}},"loc":{"start":{"line":14,"column":32},"end":{"line":20,"column":7}},"line":14}},"branchMap":{},"s":{"0":0,"1":0,"2":0,"3":0,"4":0,"5":0,"6":0,"7":0,"8":0,"9":0,"10":0},"f":{"0":0,"1":0,"2":0},"b":{}}
,"C:\\Users\\Abdullah Karolia\\Desktop\\Project ARENA\\website\\src\\views\\admin-profile.js": {"path":"C:\\Users\\Abdullah Karolia\\Desktop\\Project ARENA\\website\\src\\views\\admin-profile.js","statementMap":{"0":{"start":{"line":10,"column":21},"end":{"line":226,"column":1}},"1":{"start":{"line":12,"column":17},"end":{"line":12,"column":49}},"2":{"start":{"line":13,"column":19},"end":{"line":13,"column":53}},"3":{"start":{"line":14,"column":16},"end":{"line":14,"column":51}},"4":{"start":{"line":15,"column":22},"end":{"line":15,"column":60}},"5":{"start":{"line":16,"column":32},"end":{"line":16,"column":44}},"6":{"start":{"line":17,"column":38},"end":{"line":17,"column":50}},"7":{"start":{"line":18,"column":46},"end":{"line":18,"column":58}},"8":{"start":{"line":19,"column":38},"end":{"line":19,"column":50}},"9":{"start":{"line":20,"column":32},"end":{"line":20,"column":44}},"10":{"start":{"line":22,"column":15},"end":{"line":22,"column":38}},"11":{"start":{"line":23,"column":26},"end":{"line":23,"column":28}},"12":{"start":{"line":26,"column":25},"end":{"line":29,"column":3}},"13":{"start":{"line":27,"column":6},"end":{"line":27,"column":31}},"14":{"start":{"line":28,"column":6},"end":{"line":28,"column":25}},"15":{"start":{"line":32,"column":25},"end":{"line":35,"column":3}},"16":{"start":{"line":33,"column":4},"end":{"line":34,"column":157}},"17":{"start":{"line":38,"column":30},"end":{"line":66,"column":3}},"18":{"start":{"line":39,"column":25},"end":{"line":39,"column":53}},"19":{"start":{"line":40,"column":28},"end":{"line":40,"column":81}},"20":{"start":{"line":43,"column":4},"end":{"line":64,"column":5}},"21":{"start":{"line":44,"column":6},"end":{"line":44,"column":50}},"22":{"start":{"line":45,"column":6},"end":{"line":45,"column":19}},"23":{"start":{"line":47,"column":9},"end":{"line":64,"column":5}},"24":{"start":{"line":48,"column":6},"end":{"line":48,"column":40}},"25":{"start":{"line":49,"column":6},"end":{"line":49,"column":19}},"26":{"start":{"line":53,"column":9},"end":{"line":64,"column":5}},"27":{"start":{"line":55,"column":6},"end":{"line":58,"column":7}},"28":{"start":{"line":56,"column":8},"end":{"line":56,"column":44}},"29":{"start":{"line":57,"column":8},"end":{"line":57,"column":21}},"30":{"start":{"line":60,"column":6},"end":{"line":63,"column":7}},"31":{"start":{"line":61,"column":8},"end":{"line":61,"column":50}},"32":{"start":{"line":62,"column":8},"end":{"line":62,"column":21}},"33":{"start":{"line":65,"column":4},"end":{"line":65,"column":16}},"34":{"start":{"line":69,"column":17},"end":{"line":96,"column":3}},"35":{"start":{"line":70,"column":4},"end":{"line":95,"column":7}},"36":{"start":{"line":71,"column":6},"end":{"line":93,"column":7}},"37":{"start":{"line":73,"column":8},"end":{"line":86,"column":9}},"38":{"start":{"line":74,"column":10},"end":{"line":74,"column":61}},"39":{"start":{"line":75,"column":10},"end":{"line":75,"column":45}},"40":{"start":{"line":78,"column":13},"end":{"line":86,"column":9}},"41":{"start":{"line":79,"column":10},"end":{"line":79,"column":65}},"42":{"start":{"line":80,"column":10},"end":{"line":80,"column":67}},"43":{"start":{"line":81,"column":10},"end":{"line":81,"column":34}},"44":{"start":{"line":84,"column":13},"end":{"line":86,"column":9}},"45":{"start":{"line":85,"column":10},"end":{"line":85,"column":42}},"46":{"start":{"line":89,"column":8},"end":{"line":91,"column":9}},"47":{"start":{"line":90,"column":10},"end":{"line":90,"column":46}},"48":{"start":{"line":99,"column":2},"end":{"line":101,"column":9}},"49":{"start":{"line":100,"column":4},"end":{"line":100,"column":20}},"50":{"start":{"line":103,"column":2},"end":{"line":225,"column":3}},"51":{"start":{"line":177,"column":27},"end":{"line":177,"column":57}},"52":{"start":{"line":183,"column":27},"end":{"line":183,"column":54}},"53":{"start":{"line":189,"column":27},"end":{"line":189,"column":54}},"54":{"start":{"line":195,"column":27},"end":{"line":195,"column":57}},"55":{"start":{"line":201,"column":27},"end":{"line":201,"column":61}},"56":{"start":{"line":207,"column":12},"end":{"line":207,"column":51}},"57":{"start":{"line":208,"column":12},"end":{"line":208,"column":21}},"58":{"start":{"line":216,"column":12},"end":{"line":216,"column":50}},"59":{"start":{"line":217,"column":12},"end":{"line":217,"column":35}},"60":{"start":{"line":218,"column":12},"end":{"line":218,"column":64}}},"fnMap":{"0":{"name":"(anonymous_0)","decl":{"start":{"line":10,"column":21},"end":{"line":10,"column":22}},"loc":{"start":{"line":10,"column":32},"end":{"line":226,"column":1}},"line":10},"1":{"name":"(anonymous_1)","decl":{"start":{"line":26,"column":25},"end":{"line":26,"column":26}},"loc":{"start":{"line":26,"column":31},"end":{"line":29,"column":3}},"line":26},"2":{"name":"(anonymous_2)","decl":{"start":{"line":32,"column":25},"end":{"line":32,"column":26}},"loc":{"start":{"line":32,"column":65},"end":{"line":35,"column":3}},"line":32},"3":{"name":"(anonymous_3)","decl":{"start":{"line":38,"column":30},"end":{"line":38,"column":31}},"loc":{"start":{"line":38,"column":36},"end":{"line":66,"column":3}},"line":38},"4":{"name":"(anonymous_4)","decl":{"start":{"line":69,"column":17},"end":{"line":69,"column":18}},"loc":{"start":{"line":69,"column":23},"end":{"line":96,"column":3}},"line":69},"5":{"name":"(anonymous_5)","decl":{"start":{"line":70,"column":43},"end":{"line":70,"column":44}},"loc":{"start":{"line":70,"column":69},"end":{"line":95,"column":5}},"line":70},"6":{"name":"(anonymous_6)","decl":{"start":{"line":99,"column":12},"end":{"line":99,"column":13}},"loc":{"start":{"line":99,"column":18},"end":{"line":101,"column":3}},"line":99},"7":{"name":"(anonymous_7)","decl":{"start":{"line":177,"column":20},"end":{"line":177,"column":21}},"loc":{"start":{"line":177,"column":27},"end":{"line":177,"column":57}},"line":177},"8":{"name":"(anonymous_8)","decl":{"start":{"line":183,"column":20},"end":{"line":183,"column":21}},"loc":{"start":{"line":183,"column":27},"end":{"line":183,"column":54}},"line":183},"9":{"name":"(anonymous_9)","decl":{"start":{"line":189,"column":20},"end":{"line":189,"column":21}},"loc":{"start":{"line":189,"column":27},"end":{"line":189,"column":54}},"line":189},"10":{"name":"(anonymous_10)","decl":{"start":{"line":195,"column":20},"end":{"line":195,"column":21}},"loc":{"start":{"line":195,"column":27},"end":{"line":195,"column":57}},"line":195},"11":{"name":"(anonymous_11)","decl":{"start":{"line":201,"column":20},"end":{"line":201,"column":21}},"loc":{"start":{"line":201,"column":27},"end":{"line":201,"column":61}},"line":201},"12":{"name":"(anonymous_12)","decl":{"start":{"line":206,"column":19},"end":{"line":206,"column":20}},"loc":{"start":{"line":206,"column":25},"end":{"line":209,"column":11}},"line":206},"13":{"name":"(anonymous_13)","decl":{"start":{"line":215,"column":19},"end":{"line":215,"column":20}},"loc":{"start":{"line":215,"column":25},"end":{"line":219,"column":11}},"line":215}},"branchMap":{"0":{"loc":{"start":{"line":43,"column":4},"end":{"line":64,"column":5}},"type":"if","locations":[{"start":{"line":43,"column":4},"end":{"line":64,"column":5}},{"start":{"line":47,"column":9},"end":{"line":64,"column":5}}],"line":43},"1":{"loc":{"start":{"line":43,"column":7},"end":{"line":43,"column":42}},"type":"binary-expr","locations":[{"start":{"line":43,"column":7},"end":{"line":43,"column":21}},{"start":{"line":43,"column":25},"end":{"line":43,"column":42}}],"line":43},"2":{"loc":{"start":{"line":47,"column":9},"end":{"line":64,"column":5}},"type":"if","locations":[{"start":{"line":47,"column":9},"end":{"line":64,"column":5}},{"start":{"line":53,"column":9},"end":{"line":64,"column":5}}],"line":47},"3":{"loc":{"start":{"line":53,"column":9},"end":{"line":64,"column":5}},"type":"if","locations":[{"start":{"line":53,"column":9},"end":{"line":64,"column":5}},{"start":{},"end":{}}],"line":53},"4":{"loc":{"start":{"line":53,"column":13},"end":{"line":53,"column":66}},"type":"binary-expr","locations":[{"start":{"line":53,"column":13},"end":{"line":53,"column":27}},{"start":{"line":53,"column":31},"end":{"line":53,"column":48}},{"start":{"line":53,"column":52},"end":{"line":53,"column":66}}],"line":53},"5":{"loc":{"start":{"line":55,"column":6},"end":{"line":58,"column":7}},"type":"if","locations":[{"start":{"line":55,"column":6},"end":{"line":58,"column":7}},{"start":{},"end":{}}],"line":55},"6":{"loc":{"start":{"line":60,"column":6},"end":{"line":63,"column":7}},"type":"if","locations":[{"start":{"line":60,"column":6},"end":{"line":63,"column":7}},{"start":{},"end":{}}],"line":60},"7":{"loc":{"start":{"line":71,"column":6},"end":{"line":93,"column":7}},"type":"if","locations":[{"start":{"line":71,"column":6},"end":{"line":93,"column":7}},{"start":{"line":88,"column":11},"end":{"line":93,"column":7}}],"line":71},"8":{"loc":{"start":{"line":73,"column":8},"end":{"line":86,"column":9}},"type":"if","locations":[{"start":{"line":73,"column":8},"end":{"line":86,"column":9}},{"start":{"line":78,"column":13},"end":{"line":86,"column":9}}],"line":73},"9":{"loc":{"start":{"line":73,"column":12},"end":{"line":73,"column":117}},"type":"binary-expr","locations":[{"start":{"line":73,"column":13},"end":{"line":73,"column":43}},{"start":{"line":73,"column":49},"end":{"line":73,"column":66}},{"start":{"line":73,"column":70},"end":{"line":73,"column":91}},{"start":{"line":73,"column":96},"end":{"line":73,"column":117}}],"line":73},"10":{"loc":{"start":{"line":78,"column":13},"end":{"line":86,"column":9}},"type":"if","locations":[{"start":{"line":78,"column":13},"end":{"line":86,"column":9}},{"start":{"line":84,"column":13},"end":{"line":86,"column":9}}],"line":78},"11":{"loc":{"start":{"line":78,"column":17},"end":{"line":78,"column":122}},"type":"binary-expr","locations":[{"start":{"line":78,"column":18},"end":{"line":78,"column":48}},{"start":{"line":78,"column":54},"end":{"line":78,"column":71}},{"start":{"line":78,"column":75},"end":{"line":78,"column":96}},{"start":{"line":78,"column":101},"end":{"line":78,"column":122}}],"line":78},"12":{"loc":{"start":{"line":84,"column":13},"end":{"line":86,"column":9}},"type":"if","locations":[{"start":{"line":84,"column":13},"end":{"line":86,"column":9}},{"start":{},"end":{}}],"line":84},"13":{"loc":{"start":{"line":84,"column":17},"end":{"line":84,"column":74}},"type":"binary-expr","locations":[{"start":{"line":84,"column":18},"end":{"line":84,"column":48}},{"start":{"line":84,"column":53},"end":{"line":84,"column":74}}],"line":84},"14":{"loc":{"start":{"line":89,"column":8},"end":{"line":91,"column":9}},"type":"if","locations":[{"start":{"line":89,"column":8},"end":{"line":91,"column":9}},{"start":{},"end":{}}],"line":89}},"s":{"0":0,"1":0,"2":0,"3":0,"4":0,"5":0,"6":0,"7":0,"8":0,"9":0,"10":0,"11":0,"12":0,"13":0,"14":0,"15":0,"16":0,"17":0,"18":0,"19":0,"20":0,"21":0,"22":0,"23":0,"24":0,"25":0,"26":0,"27":0,"28":0,"29":0,"30":0,"31":0,"32":0,"33":0,"34":0,"35":0,"36":0,"37":0,"38":0,"39":0,"40":0,"41":0,"42":0,"43":0,"44":0,"45":0,"46":0,"47":0,"48":0,"49":0,"50":0,"51":0,"52":0,"53":0,"54":0,"55":0,"56":0,"57":0,"58":0,"59":0,"60":0},"f":{"0":0,"1":0,"2":0,"3":0,"4":0,"5":0,"6":0,"7":0,"8":0,"9":0,"10":0,"11":0,"12":0,"13":0},"b":{"0":[0,0],"1":[0,0],"2":[0,0],"3":[0,0],"4":[0,0,0],"5":[0,0],"6":[0,0],"7":[0,0],"8":[0,0],"9":[0,0,0,0],"10":[0,0],"11":[0,0,0,0],"12":[0,0],"13":[0,0],"14":[0,0]}}
,"C:\\Users\\Abdullah Karolia\\Desktop\\Project ARENA\\website\\src\\views\\admin-teams.js": {"path":"C:\\Users\\Abdullah Karolia\\Desktop\\Project ARENA\\website\\src\\views\\admin-teams.js","statementMap":{"0":{"start":{"line":6,"column":19},"end":{"line":77,"column":1}},"1":{"start":{"line":7,"column":2},"end":{"line":76,"column":3}}},"fnMap":{"0":{"name":"(anonymous_0)","decl":{"start":{"line":6,"column":19},"end":{"line":6,"column":20}},"loc":{"start":{"line":6,"column":30},"end":{"line":77,"column":1}},"line":6}},"branchMap":{},"s":{"0":0,"1":0},"f":{"0":0},"b":{}}
,"C:\\Users\\Abdullah Karolia\\Desktop\\Project ARENA\\website\\src\\views\\competitions.js": {"path":"C:\\Users\\Abdullah Karolia\\Desktop\\Project ARENA\\website\\src\\views\\competitions.js","statementMap":{"0":{"start":{"line":9,"column":36},"end":{"line":9,"column":54}},"1":{"start":{"line":10,"column":36},"end":{"line":10,"column":57}},"2":{"start":{"line":12,"column":2},"end":{"line":25,"column":9}},"3":{"start":{"line":13,"column":4},"end":{"line":24,"column":9}},"4":{"start":{"line":16,"column":21},"end":{"line":22,"column":11}},"5":{"start":{"line":16,"column":50},"end":{"line":22,"column":9}},"6":{"start":{"line":23,"column":8},"end":{"line":23,"column":27}},"7":{"start":{"line":27,"column":26},"end":{"line":45,"column":3}},"8":{"start":{"line":28,"column":4},"end":{"line":28,"column":23}},"9":{"start":{"line":30,"column":4},"end":{"line":44,"column":5}},"10":{"start":{"line":31,"column":6},"end":{"line":37,"column":11}},"11":{"start":{"line":36,"column":10},"end":{"line":36,"column":32}},"12":{"start":{"line":39,"column":27},"end":{"line":39,"column":41}},"13":{"start":{"line":40,"column":6},"end":{"line":40,"column":37}},"14":{"start":{"line":41,"column":6},"end":{"line":41,"column":33}},"15":{"start":{"line":43,"column":6},"end":{"line":43,"column":26}},"16":{"start":{"line":47,"column":2},"end":{"line":68,"column":4}},"17":{"start":{"line":59,"column":8},"end":{"line":65,"column":10}},"18":{"start":{"line":62,"column":12},"end":{"line":62,"column":35}},"19":{"start":{"line":71,"column":21},"end":{"line":155,"column":1}},"20":{"start":{"line":72,"column":2},"end":{"line":154,"column":4}}},"fnMap":{"0":{"name":"GenCards","decl":{"start":{"line":8,"column":9},"end":{"line":8,"column":17}},"loc":{"start":{"line":8,"column":20},"end":{"line":69,"column":1}},"line":8},"1":{"name":"(anonymous_1)","decl":{"start":{"line":12,"column":18},"end":{"line":12,"column":19}},"loc":{"start":{"line":12,"column":24},"end":{"line":25,"column":3}},"line":12},"2":{"name":"(anonymous_2)","decl":{"start":{"line":15,"column":12},"end":{"line":15,"column":13}},"loc":{"start":{"line":15,"column":26},"end":{"line":24,"column":7}},"line":15},"3":{"name":"(anonymous_3)","decl":{"start":{"line":16,"column":39},"end":{"line":16,"column":40}},"loc":{"start":{"line":16,"column":50},"end":{"line":22,"column":9}},"line":16},"4":{"name":"(anonymous_4)","decl":{"start":{"line":27,"column":26},"end":{"line":27,"column":27}},"loc":{"start":{"line":27,"column":37},"end":{"line":45,"column":3}},"line":27},"5":{"name":"(anonymous_5)","decl":{"start":{"line":35,"column":14},"end":{"line":35,"column":15}},"loc":{"start":{"line":35,"column":28},"end":{"line":37,"column":9}},"line":35},"6":{"name":"(anonymous_6)","decl":{"start":{"line":58,"column":21},"end":{"line":58,"column":22}},"loc":{"start":{"line":59,"column":8},"end":{"line":65,"column":10}},"line":59},"7":{"name":"(anonymous_7)","decl":{"start":{"line":61,"column":19},"end":{"line":61,"column":20}},"loc":{"start":{"line":61,"column":25},"end":{"line":63,"column":11}},"line":61},"8":{"name":"(anonymous_8)","decl":{"start":{"line":71,"column":21},"end":{"line":71,"column":22}},"loc":{"start":{"line":71,"column":32},"end":{"line":155,"column":1}},"line":71}},"branchMap":{"0":{"loc":{"start":{"line":30,"column":4},"end":{"line":44,"column":5}},"type":"if","locations":[{"start":{"line":30,"column":4},"end":{"line":44,"column":5}},{"start":{},"end":{}}],"line":30}},"s":{"0":0,"1":0,"2":0,"3":0,"4":0,"5":0,"6":0,"7":0,"8":0,"9":0,"10":0,"11":0,"12":0,"13":0,"14":0,"15":0,"16":0,"17":0,"18":0,"19":0,"20":0},"f":{"0":0,"1":0,"2":0,"3":0,"4":0,"5":0,"6":0,"7":0,"8":0},"b":{"0":[0,0]}}
,"C:\\Users\\Abdullah Karolia\\Desktop\\Project ARENA\\website\\src\\views\\contact.js": {"path":"C:\\Users\\Abdullah Karolia\\Desktop\\Project ARENA\\website\\src\\views\\contact.js","statementMap":{"0":{"start":{"line":15,"column":16},"end":{"line":246,"column":1}},"1":{"start":{"line":16,"column":26},"end":{"line":16,"column":38}},"2":{"start":{"line":17,"column":32},"end":{"line":17,"column":44}},"3":{"start":{"line":18,"column":28},"end":{"line":18,"column":40}},"4":{"start":{"line":19,"column":32},"end":{"line":19,"column":44}},"5":{"start":{"line":20,"column":40},"end":{"line":20,"column":51}},"6":{"start":{"line":21,"column":38},"end":{"line":21,"column":52}},"7":{"start":{"line":28,"column":4},"end":{"line":28,"column":38}},"8":{"start":{"line":48,"column":20},"end":{"line":83,"column":3}},"9":{"start":{"line":49,"column":4},"end":{"line":49,"column":24}},"10":{"start":{"line":50,"column":4},"end":{"line":66,"column":5}},"11":{"start":{"line":51,"column":6},"end":{"line":51,"column":40}},"12":{"start":{"line":54,"column":6},"end":{"line":65,"column":7}},"13":{"start":{"line":55,"column":8},"end":{"line":55,"column":42}},"14":{"start":{"line":56,"column":8},"end":{"line":62,"column":9}},"15":{"start":{"line":58,"column":8},"end":{"line":58,"column":30}},"16":{"start":{"line":61,"column":8},"end":{"line":61,"column":27}},"17":{"start":{"line":64,"column":8},"end":{"line":64,"column":42}},"18":{"start":{"line":73,"column":4},"end":{"line":73,"column":16}},"19":{"start":{"line":74,"column":4},"end":{"line":74,"column":22}},"20":{"start":{"line":75,"column":4},"end":{"line":75,"column":19}},"21":{"start":{"line":76,"column":4},"end":{"line":76,"column":25}},"22":{"start":{"line":77,"column":4},"end":{"line":77,"column":17}},"23":{"start":{"line":78,"column":4},"end":{"line":78,"column":23}},"24":{"start":{"line":79,"column":4},"end":{"line":79,"column":19}},"25":{"start":{"line":80,"column":4},"end":{"line":80,"column":25}},"26":{"start":{"line":81,"column":4},"end":{"line":81,"column":36}},"27":{"start":{"line":85,"column":2},"end":{"line":245,"column":3}},"28":{"start":{"line":167,"column":33},"end":{"line":167,"column":56}},"29":{"start":{"line":173,"column":33},"end":{"line":173,"column":59}},"30":{"start":{"line":179,"column":33},"end":{"line":179,"column":57}},"31":{"start":{"line":185,"column":33},"end":{"line":185,"column":59}}},"fnMap":{"0":{"name":"(anonymous_0)","decl":{"start":{"line":15,"column":16},"end":{"line":15,"column":17}},"loc":{"start":{"line":15,"column":27},"end":{"line":246,"column":1}},"line":15},"1":{"name":"isValidEmail","decl":{"start":{"line":27,"column":11},"end":{"line":27,"column":23}},"loc":{"start":{"line":27,"column":31},"end":{"line":29,"column":3}},"line":27},"2":{"name":"(anonymous_2)","decl":{"start":{"line":48,"column":20},"end":{"line":48,"column":21}},"loc":{"start":{"line":48,"column":31},"end":{"line":83,"column":3}},"line":48},"3":{"name":"(anonymous_3)","decl":{"start":{"line":57,"column":12},"end":{"line":57,"column":13}},"loc":{"start":{"line":57,"column":26},"end":{"line":59,"column":7}},"line":57},"4":{"name":"(anonymous_4)","decl":{"start":{"line":60,"column":13},"end":{"line":60,"column":14}},"loc":{"start":{"line":60,"column":24},"end":{"line":62,"column":7}},"line":60},"5":{"name":"(anonymous_5)","decl":{"start":{"line":167,"column":26},"end":{"line":167,"column":27}},"loc":{"start":{"line":167,"column":33},"end":{"line":167,"column":56}},"line":167},"6":{"name":"(anonymous_6)","decl":{"start":{"line":173,"column":26},"end":{"line":173,"column":27}},"loc":{"start":{"line":173,"column":33},"end":{"line":173,"column":59}},"line":173},"7":{"name":"(anonymous_7)","decl":{"start":{"line":179,"column":26},"end":{"line":179,"column":27}},"loc":{"start":{"line":179,"column":33},"end":{"line":179,"column":57}},"line":179},"8":{"name":"(anonymous_8)","decl":{"start":{"line":185,"column":26},"end":{"line":185,"column":27}},"loc":{"start":{"line":185,"column":33},"end":{"line":185,"column":59}},"line":185}},"branchMap":{"0":{"loc":{"start":{"line":50,"column":4},"end":{"line":66,"column":5}},"type":"if","locations":[{"start":{"line":50,"column":4},"end":{"line":66,"column":5}},{"start":{"line":53,"column":8},"end":{"line":66,"column":5}}],"line":50},"1":{"loc":{"start":{"line":50,"column":7},"end":{"line":50,"column":50}},"type":"binary-expr","locations":[{"start":{"line":50,"column":7},"end":{"line":50,"column":17}},{"start":{"line":50,"column":21},"end":{"line":50,"column":33}},{"start":{"line":50,"column":37},"end":{"line":50,"column":50}}],"line":50},"2":{"loc":{"start":{"line":54,"column":6},"end":{"line":65,"column":7}},"type":"if","locations":[{"start":{"line":54,"column":6},"end":{"line":65,"column":7}},{"start":{"line":63,"column":13},"end":{"line":65,"column":7}}],"line":54},"3":{"loc":{"start":{"line":181,"column":15},"end":{"line":181,"column":70}},"type":"binary-expr","locations":[{"start":{"line":181,"column":15},"end":{"line":181,"column":25}},{"start":{"line":181,"column":29},"end":{"line":181,"column":70}}],"line":181}},"s":{"0":0,"1":0,"2":0,"3":0,"4":0,"5":0,"6":0,"7":0,"8":0,"9":0,"10":0,"11":0,"12":0,"13":0,"14":0,"15":0,"16":0,"17":0,"18":0,"19":0,"20":0,"21":0,"22":0,"23":0,"24":0,"25":0,"26":0,"27":0,"28":0,"29":0,"30":0,"31":0},"f":{"0":0,"1":0,"2":0,"3":0,"4":0,"5":0,"6":0,"7":0,"8":0},"b":{"0":[0,0],"1":[0,0,0],"2":[0,0],"3":[0,0]}}
,"C:\\Users\\Abdullah Karolia\\Desktop\\Project ARENA\\website\\src\\views\\home.js": {"path":"C:\\Users\\Abdullah Karolia\\Desktop\\Project ARENA\\website\\src\\views\\home.js","statementMap":{"0":{"start":{"line":8,"column":13},"end":{"line":93,"column":1}},"1":{"start":{"line":9,"column":2},"end":{"line":92,"column":4}}},"fnMap":{"0":{"name":"(anonymous_0)","decl":{"start":{"line":8,"column":13},"end":{"line":8,"column":14}},"loc":{"start":{"line":8,"column":24},"end":{"line":93,"column":1}},"line":8}},"branchMap":{},"s":{"0":1,"1":2},"f":{"0":2},"b":{},"_coverageSchema":"1a1c01bbd47fc00a2c39e90264f33305004495a9","hash":"a2babb7d0560477ead884b2485349fa102f02bbf"}
,"C:\\Users\\Abdullah Karolia\\Desktop\\Project ARENA\\website\\src\\views\\login.js": {"path":"C:\\Users\\Abdullah Karolia\\Desktop\\Project ARENA\\website\\src\\views\\login.js","statementMap":{"0":{"start":{"line":17,"column":14},"end":{"line":150,"column":1}},"1":{"start":{"line":18,"column":34},"end":{"line":18,"column":46}},"2":{"start":{"line":19,"column":34},"end":{"line":19,"column":46}},"3":{"start":{"line":20,"column":42},"end":{"line":20,"column":54}},"4":{"start":{"line":22,"column":21},"end":{"line":38,"column":3}},"5":{"start":{"line":23,"column":4},"end":{"line":37,"column":9}},"6":{"start":{"line":26,"column":25},"end":{"line":26,"column":38}},"7":{"start":{"line":28,"column":8},"end":{"line":35,"column":9}},"8":{"start":{"line":29,"column":10},"end":{"line":29,"column":60}},"9":{"start":{"line":32,"column":33},"end":{"line":32,"column":58}},"10":{"start":{"line":34,"column":10},"end":{"line":34,"column":38}},"11":{"start":{"line":40,"column":23},"end":{"line":62,"column":3}},"12":{"start":{"line":41,"column":4},"end":{"line":61,"column":9}},"13":{"start":{"line":44,"column":8},"end":{"line":44,"column":51}},"14":{"start":{"line":45,"column":8},"end":{"line":59,"column":9}},"15":{"start":{"line":46,"column":10},"end":{"line":46,"column":46}},"16":{"start":{"line":47,"column":10},"end":{"line":49,"column":19}},"17":{"start":{"line":48,"column":12},"end":{"line":48,"column":70}},"18":{"start":{"line":53,"column":10},"end":{"line":53,"column":51}},"19":{"start":{"line":54,"column":10},"end":{"line":54,"column":46}},"20":{"start":{"line":55,"column":10},"end":{"line":57,"column":19}},"21":{"start":{"line":56,"column":12},"end":{"line":56,"column":78}},"22":{"start":{"line":64,"column":22},"end":{"line":80,"column":3}},"23":{"start":{"line":65,"column":4},"end":{"line":79,"column":7}},"24":{"start":{"line":66,"column":6},"end":{"line":77,"column":7}},"25":{"start":{"line":68,"column":8},"end":{"line":68,"column":53}},"26":{"start":{"line":69,"column":8},"end":{"line":69,"column":43}},"27":{"start":{"line":70,"column":8},"end":{"line":70,"column":28}},"28":{"start":{"line":71,"column":8},"end":{"line":71,"column":23}},"29":{"start":{"line":75,"column":8},"end":{"line":75,"column":58}},"30":{"start":{"line":76,"column":8},"end":{"line":76,"column":42}},"31":{"start":{"line":82,"column":20},"end":{"line":101,"column":1}},"32":{"start":{"line":83,"column":2},"end":{"line":85,"column":4}},"33":{"start":{"line":86,"column":2},"end":{"line":86,"column":47}},"34":{"start":{"line":87,"column":2},"end":{"line":93,"column":5}},"35":{"start":{"line":90,"column":21},"end":{"line":90,"column":34}},"36":{"start":{"line":91,"column":19},"end":{"line":91,"column":38}},"37":{"start":{"line":92,"column":4},"end":{"line":92,"column":45}},"38":{"start":{"line":94,"column":2},"end":{"line":99,"column":3}},"39":{"start":{"line":95,"column":4},"end":{"line":95,"column":250}},"40":{"start":{"line":98,"column":4},"end":{"line":98,"column":17}},"41":{"start":{"line":103,"column":2},"end":{"line":149,"column":4}},"42":{"start":{"line":123,"column":29},"end":{"line":123,"column":56}},"43":{"start":{"line":128,"column":29},"end":{"line":128,"column":56}},"44":{"start":{"line":135,"column":14},"end":{"line":135,"column":50}},"45":{"start":{"line":136,"column":14},"end":{"line":136,"column":28}}},"fnMap":{"0":{"name":"(anonymous_0)","decl":{"start":{"line":17,"column":14},"end":{"line":17,"column":15}},"loc":{"start":{"line":17,"column":25},"end":{"line":150,"column":1}},"line":17},"1":{"name":"(anonymous_1)","decl":{"start":{"line":22,"column":21},"end":{"line":22,"column":22}},"loc":{"start":{"line":22,"column":27},"end":{"line":38,"column":3}},"line":22},"2":{"name":"(anonymous_2)","decl":{"start":{"line":25,"column":12},"end":{"line":25,"column":13}},"loc":{"start":{"line":25,"column":32},"end":{"line":37,"column":7}},"line":25},"3":{"name":"(anonymous_3)","decl":{"start":{"line":40,"column":23},"end":{"line":40,"column":24}},"loc":{"start":{"line":40,"column":29},"end":{"line":62,"column":3}},"line":40},"4":{"name":"(anonymous_4)","decl":{"start":{"line":43,"column":12},"end":{"line":43,"column":13}},"loc":{"start":{"line":43,"column":32},"end":{"line":61,"column":7}},"line":43},"5":{"name":"(anonymous_5)","decl":{"start":{"line":47,"column":21},"end":{"line":47,"column":22}},"loc":{"start":{"line":47,"column":33},"end":{"line":49,"column":11}},"line":47},"6":{"name":"(anonymous_6)","decl":{"start":{"line":55,"column":21},"end":{"line":55,"column":22}},"loc":{"start":{"line":55,"column":33},"end":{"line":57,"column":11}},"line":55},"7":{"name":"(anonymous_7)","decl":{"start":{"line":64,"column":22},"end":{"line":64,"column":23}},"loc":{"start":{"line":64,"column":42},"end":{"line":80,"column":3}},"line":64},"8":{"name":"(anonymous_8)","decl":{"start":{"line":65,"column":46},"end":{"line":65,"column":47}},"loc":{"start":{"line":65,"column":72},"end":{"line":79,"column":5}},"line":65},"9":{"name":"(anonymous_9)","decl":{"start":{"line":82,"column":20},"end":{"line":82,"column":21}},"loc":{"start":{"line":82,"column":25},"end":{"line":101,"column":1}},"line":82},"10":{"name":"(anonymous_10)","decl":{"start":{"line":89,"column":8},"end":{"line":89,"column":9}},"loc":{"start":{"line":89,"column":26},"end":{"line":93,"column":3}},"line":89},"11":{"name":"(anonymous_11)","decl":{"start":{"line":123,"column":22},"end":{"line":123,"column":23}},"loc":{"start":{"line":123,"column":29},"end":{"line":123,"column":56}},"line":123},"12":{"name":"(anonymous_12)","decl":{"start":{"line":128,"column":22},"end":{"line":128,"column":23}},"loc":{"start":{"line":128,"column":29},"end":{"line":128,"column":56}},"line":128},"13":{"name":"(anonymous_13)","decl":{"start":{"line":134,"column":21},"end":{"line":134,"column":22}},"loc":{"start":{"line":134,"column":27},"end":{"line":137,"column":13}},"line":134}},"branchMap":{"0":{"loc":{"start":{"line":28,"column":8},"end":{"line":35,"column":9}},"type":"if","locations":[{"start":{"line":28,"column":8},"end":{"line":35,"column":9}},{"start":{"line":31,"column":13},"end":{"line":35,"column":9}}],"line":28},"1":{"loc":{"start":{"line":45,"column":8},"end":{"line":59,"column":9}},"type":"if","locations":[{"start":{"line":45,"column":8},"end":{"line":59,"column":9}},{"start":{"line":52,"column":13},"end":{"line":59,"column":9}}],"line":45},"2":{"loc":{"start":{"line":66,"column":6},"end":{"line":77,"column":7}},"type":"if","locations":[{"start":{"line":66,"column":6},"end":{"line":77,"column":7}},{"start":{"line":73,"column":11},"end":{"line":77,"column":7}}],"line":66},"3":{"loc":{"start":{"line":94,"column":2},"end":{"line":99,"column":3}},"type":"if","locations":[{"start":{"line":94,"column":2},"end":{"line":99,"column":3}},{"start":{"line":97,"column":6},"end":{"line":99,"column":3}}],"line":94},"4":{"loc":{"start":{"line":94,"column":5},"end":{"line":94,"column":51}},"type":"binary-expr","locations":[{"start":{"line":94,"column":5},"end":{"line":94,"column":22}},{"start":{"line":94,"column":26},"end":{"line":94,"column":51}}],"line":94},"5":{"loc":{"start":{"line":131,"column":11},"end":{"line":131,"column":70}},"type":"binary-expr","locations":[{"start":{"line":131,"column":11},"end":{"line":131,"column":23}},{"start":{"line":131,"column":27},"end":{"line":131,"column":70}}],"line":131}},"s":{"0":0,"1":0,"2":0,"3":0,"4":0,"5":0,"6":0,"7":0,"8":0,"9":0,"10":0,"11":0,"12":0,"13":0,"14":0,"15":0,"16":0,"17":0,"18":0,"19":0,"20":0,"21":0,"22":0,"23":0,"24":0,"25":0,"26":0,"27":0,"28":0,"29":0,"30":0,"31":0,"32":0,"33":0,"34":0,"35":0,"36":0,"37":0,"38":0,"39":0,"40":0,"41":0,"42":0,"43":0,"44":0,"45":0},"f":{"0":0,"1":0,"2":0,"3":0,"4":0,"5":0,"6":0,"7":0,"8":0,"9":0,"10":0,"11":0,"12":0,"13":0},"b":{"0":[0,0],"1":[0,0],"2":[0,0],"3":[0,0],"4":[0,0],"5":[0,0]}}
,"C:\\Users\\Abdullah Karolia\\Desktop\\Project ARENA\\website\\src\\views\\player-portal-competitions.js": {"path":"C:\\Users\\Abdullah Karolia\\Desktop\\Project ARENA\\website\\src\\views\\player-portal-competitions.js","statementMap":{"0":{"start":{"line":9,"column":36},"end":{"line":9,"column":54}},"1":{"start":{"line":10,"column":36},"end":{"line":10,"column":57}},"2":{"start":{"line":12,"column":2},"end":{"line":38,"column":9}},"3":{"start":{"line":13,"column":4},"end":{"line":37,"column":9}},"4":{"start":{"line":16,"column":21},"end":{"line":22,"column":11}},"5":{"start":{"line":16,"column":50},"end":{"line":22,"column":9}},"6":{"start":{"line":28,"column":29},"end":{"line":34,"column":10}},"7":{"start":{"line":29,"column":10},"end":{"line":33,"column":11}},"8":{"start":{"line":30,"column":12},"end":{"line":30,"column":55}},"9":{"start":{"line":32,"column":12},"end":{"line":32,"column":28}},"10":{"start":{"line":36,"column":8},"end":{"line":36,"column":35}},"11":{"start":{"line":40,"column":26},"end":{"line":58,"column":3}},"12":{"start":{"line":41,"column":4},"end":{"line":41,"column":23}},"13":{"start":{"line":43,"column":4},"end":{"line":57,"column":5}},"14":{"start":{"line":44,"column":6},"end":{"line":50,"column":11}},"15":{"start":{"line":49,"column":10},"end":{"line":49,"column":32}},"16":{"start":{"line":52,"column":27},"end":{"line":52,"column":41}},"17":{"start":{"line":53,"column":6},"end":{"line":53,"column":37}},"18":{"start":{"line":54,"column":6},"end":{"line":54,"column":33}},"19":{"start":{"line":56,"column":6},"end":{"line":56,"column":26}},"20":{"start":{"line":60,"column":28},"end":{"line":71,"column":3}},"21":{"start":{"line":61,"column":4},"end":{"line":61,"column":56}},"22":{"start":{"line":63,"column":4},"end":{"line":69,"column":5}},"23":{"start":{"line":64,"column":6},"end":{"line":64,"column":66}},"24":{"start":{"line":67,"column":6},"end":{"line":67,"column":62}},"25":{"start":{"line":73,"column":2},"end":{"line":98,"column":4}},"26":{"start":{"line":85,"column":8},"end":{"line":95,"column":10}},"27":{"start":{"line":88,"column":12},"end":{"line":88,"column":35}},"28":{"start":{"line":91,"column":12},"end":{"line":91,"column":37}},"29":{"start":{"line":101,"column":33},"end":{"line":200,"column":1}},"30":{"start":{"line":102,"column":2},"end":{"line":199,"column":3}}},"fnMap":{"0":{"name":"GenCards","decl":{"start":{"line":8,"column":9},"end":{"line":8,"column":17}},"loc":{"start":{"line":8,"column":20},"end":{"line":99,"column":1}},"line":8},"1":{"name":"(anonymous_1)","decl":{"start":{"line":12,"column":18},"end":{"line":12,"column":19}},"loc":{"start":{"line":12,"column":24},"end":{"line":38,"column":3}},"line":12},"2":{"name":"(anonymous_2)","decl":{"start":{"line":15,"column":12},"end":{"line":15,"column":13}},"loc":{"start":{"line":15,"column":26},"end":{"line":37,"column":7}},"line":15},"3":{"name":"(anonymous_3)","decl":{"start":{"line":16,"column":39},"end":{"line":16,"column":40}},"loc":{"start":{"line":16,"column":50},"end":{"line":22,"column":9}},"line":16},"4":{"name":"(anonymous_4)","decl":{"start":{"line":28,"column":38},"end":{"line":28,"column":39}},"loc":{"star
[...]
start":{"line":238,"column":25},"end":{"line":242,"column":11}},"line":238}},"branchMap":{"0":{"loc":{"start":{"line":43,"column":4},"end":{"line":64,"column":5}},"type":"if","locations":[{"start":{"line":43,"column":4},"end":{"line":64,"column":5}},{"start":{"line":47,"column":9},"end":{"line":64,"column":5}}],"line":43},"1":{"loc":{"start":{"line":43,"column":7},"end":{"line":43,"column":42}},"type":"binary-expr","locations":[{"start":{"line":43,"column":7},"end":{"line":43,"column":21}},{"start":{"line":43,"column":25},"end":{"line":43,"column":42}}],"line":43},"2":{"loc":{"start":{"line":47,"column":9},"end":{"line":64,"column":5}},"type":"if","locations":[{"start":{"line":47,"column":9},"end":{"line":64,"column":5}},{"start":{"line":53,"column":9},"end":{"line":64,"column":5}}],"line":47},"3":{"loc":{"start":{"line":53,"column":9},"end":{"line":64,"column":5}},"type":"if","locations":[{"start":{"line":53,"column":9},"end":{"line":64,"column":5}},{"start":{},"end":{}}],"line":53},"4":{"loc":{"start":{"line":53,"column":13},"end":{"line":53,"column":66}},"type":"binary-expr","locations":[{"start":{"line":53,"column":13},"end":{"line":53,"column":27}},{"start":{"line":53,"column":31},"end":{"line":53,"column":48}},{"start":{"line":53,"column":52},"end":{"line":53,"column":66}}],"line":53},"5":{"loc":{"start":{"line":55,"column":6},"end":{"line":58,"column":7}},"type":"if","locations":[{"start":{"line":55,"column":6},"end":{"line":58,"column":7}},{"start":{},"end":{}}],"line":55},"6":{"loc":{"start":{"line":60,"column":6},"end":{"line":63,"column":7}},"type":"if","locations":[{"start":{"line":60,"column":6},"end":{"line":63,"column":7}},{"start":{},"end":{}}],"line":60},"7":{"loc":{"start":{"line":71,"column":6},"end":{"line":93,"column":7}},"type":"if","locations":[{"start":{"line":71,"column":6},"end":{"line":93,"column":7}},{"start":{"line":88,"column":11},"end":{"line":93,"column":7}}],"line":71},"8":{"loc":{"start":{"line":73,"column":8},"end":{"line":86,"column":9}},"type":"if","locations":[{"start":{"line":73,"column":8},"end":{"line":86,"column":9}},{"start":{"line":78,"column":13},"end":{"line":86,"column":9}}],"line":73},"9":{"loc":{"start":{"line":73,"column":12},"end":{"line":73,"column":117}},"type":"binary-expr","locations":[{"start":{"line":73,"column":13},"end":{"line":73,"column":43}},{"start":{"line":73,"column":49},"end":{"line":73,"column":66}},{"start":{"line":73,"column":70},"end":{"line":73,"column":91}},{"start":{"line":73,"column":96},"end":{"line":73,"column":117}}],"line":73},"10":{"loc":{"start":{"line":78,"column":13},"end":{"line":86,"column":9}},"type":"if","locations":[{"start":{"line":78,"column":13},"end":{"line":86,"column":9}},{"start":{"line":84,"column":13},"end":{"line":86,"column":9}}],"line":78},"11":{"loc":{"start":{"line":78,"column":17},"end":{"line":78,"column":122}},"type":"binary-expr","locations":[{"start":{"line":78,"column":18},"end":{"line":78,"column":48}},{"start":{"line":78,"column":54},"end":{"line":78,"column":71}},{"start":{"line":78,"column":75},"end":{"line":78,"column":96}},{"start":{"line":78,"column":101},"end":{"line":78,"column":122}}],"line":78},"12":{"loc":{"start":{"line":84,"column":13},"end":{"line":86,"column":9}},"type":"if","locations":[{"start":{"line":84,"column":13},"end":{"line":86,"column":9}},{"start":{},"end":{}}],"line":84},"13":{"loc":{"start":{"line":84,"column":17},"end":{"line":84,"column":74}},"type":"binary-expr","locations":[{"start":{"line":84,"column":18},"end":{"line":84,"column":48}},{"start":{"line":84,"column":53},"end":{"line":84,"column":74}}],"line":84},"14":{"loc":{"start":{"line":89,"column":8},"end":{"line":91,"column":9}},"type":"if","locations":[{"start":{"line":89,"column":8},"end":{"line":91,"column":9}},{"start":{},"end":{}}],"line":89}},"s":{"0":0,"1":0,"2":0,"3":0,"4":0,"5":0,"6":0,"7":0,"8":0,"9":0,"10":0,"11":0,"12":0,"13":0,"14":0,"15":0,"16":0,"17":0,"18":0,"19":0,"20":0,"21":0,"22":0,"23":0,"24":0,"25":0,"26":0,"27":0,"28":0,"29":0,"30":0,"31":0,"32":0,"33":0,"34":0,"35":0,"36":0,"37":0,"38":0,"39":0,"40":0,"41":0,"42":0,"43":0,"44":0,"45":0,"46":0,"47":0,"48":0,"49":0,"50":0,"51":0,"52":0,"53":0,"54":0,"55":0,"56":0,"57":0,"58":0,"59":0,"60":0},"f":{"0":0,"1":0,"2":0,"3":0,"4":0,"5":0,"6":0,"7":0,"8":0,"9":0,"10":0,"11":0,"12":0,"13":0},"b":{"0":[0,0],"1":[0,0],"2":[0,0],"3":[0,0],"4":[0,0,0],"5":[0,0],"6":[0,0],"7":[0,0],"8":[0,0],"9":[0,0,0,0],"10":[0,0],"11":[0,0,0,0],"12":[0,0],"13":[0,0],"14":[0,0]}}
,"C:\\Users\\Abdullah Karolia\\Desktop\\Project ARENA\\website\\src\\views\\player-portal-team.js": {"path":"C:\\Users\\Abdullah Karolia\\Desktop\\Project ARENA\\website\\src\\views\\player-portal-team.js","statementMap":{"0":{"start":{"line":8,"column":17},"end":{"line":8,"column":49}},"1":{"start":{"line":9,"column":15},"end":{"line":9,"column":45}},"2":{"start":{"line":11,"column":25},"end":{"line":218,"column":1}},"3":{"start":{"line":16,"column":26},"end":{"line":16,"column":38}},"4":{"start":{"line":17,"column":36},"end":{"line":17,"column":48}},"5":{"start":{"line":18,"column":40},"end":{"line":18,"column":51}},"6":{"start":{"line":19,"column":34},"end":{"line":19,"column":49}},"7":{"start":{"line":22,"column":21},"end":{"line":30,"column":1}},"8":{"start":{"line":23,"column":2},"end":{"line":23,"column":20}},"9":{"start":{"line":24,"column":15},"end":{"line":24,"column":23}},"10":{"start":{"line":25,"column":2},"end":{"line":25,"column":15}},"11":{"start":{"line":26,"column":2},"end":{"line":26,"column":36}},"12":{"start":{"line":27,"column":2},"end":{"line":27,"column":19}},"13":{"start":{"line":28,"column":2},"end":{"line":28,"column":24}},"14":{"start":{"line":29,"column":2},"end":{"line":29,"column":14}},"15":{"start":{"line":40,"column":26},"end":{"line":49,"column":1}},"16":{"start":{"line":41,"column":19},"end":{"line":41,"column":24}},"17":{"start":{"line":42,"column":2},"end":{"line":42,"column":41}},"18":{"start":{"line":43,"column":2},"end":{"line":48,"column":3}},"19":{"start":{"line":44,"column":4},"end":{"line":44,"column":44}},"20":{"start":{"line":47,"column":4},"end":{"line":47,"column":31}},"21":{"start":{"line":51,"column":19},"end":{"line":55,"column":1}},"22":{"start":{"line":52,"column":15},"end":{"line":52,"column":29}},"23":{"start":{"line":53,"column":2},"end":{"line":53,"column":113}},"24":{"start":{"line":54,"column":2},"end":{"line":54,"column":23}},"25":{"start":{"line":57,"column":25},"end":{"line":73,"column":1}},"26":{"start":{"line":58,"column":2},"end":{"line":72,"column":5}},"27":{"start":{"line":61,"column":21},"end":{"line":61,"column":34}},"28":{"start":{"line":63,"column":4},"end":{"line":70,"column":5}},"29":{"start":{"line":64,"column":6},"end":{"line":64,"column":39}},"30":{"start":{"line":65,"column":6},"end":{"line":65,"column":26}},"31":{"start":{"line":68,"column":6},"end":{"line":68,"column":32}},"32":{"start":{"line":69,"column":6},"end":{"line":69,"column":47}},"33":{"start":{"line":81,"column":27},"end":{"line":90,"column":1}},"34":{"start":{"line":82,"column":19},"end":{"line":82,"column":24}},"35":{"start":{"line":83,"column":2},"end":{"line":83,"column":41}},"36":{"start":{"line":84,"column":2},"end":{"line":89,"column":3}},"37":{"start":{"line":85,"column":4},"end":{"line":85,"column":39}},"38":{"start":{"line":88,"column":4},"end":{"line":88,"column":29}},"39":{"start":{"line":93,"column":23},"end":{"line":108,"column":1}},"40":{"start":{"line":94,"column":2},"end":{"line":107,"column":5}},"41":{"start":{"line":97,"column":25},"end":{"line":97,"column":38}},"42":{"start":{"line":99,"column":4},"end":{"line":105,"column":5}},"43":{"start":{"line":100,"column":6},"end":{"line":100,"column":41}},"44":{"start":{"line":104,"column":6},"end":{"line":104,"column":51}},"45":{"start":{"line":110,"column":17},"end":{"line":112,"column":1}},"46":{"start":{"line":111,"column":2},"end":{"line":111,"column":116}},"47":{"start":{"line":114,"column":2},"end":{"line":217,"column":3}}},"fnMap":{"0":{"name":"(anonymous_0)","decl":{"start":{"line":11,"column":25},"end":{"line":11,"column":26}},"loc":{"start":{"line":11,"column":36},"end":{"line":218,"column":1}},"line":11},"1":{"name":"(anonymous_1)","decl":{"start":{"line":22,"column":21},"end":{"line":22,"column":22}},"loc":{"start":{"line":22,"column":27},"end":{"line":30,"column":1}},"line":22},"2":{"name":"(anonymous_2)","decl":{"start":{"line":40,"column":26},"end":{"line":40,"column":27}},"loc":{"start":{"line":40,"column":37},"end":{"line":49,"column":1}},"line":40},"3":{"name":"(anonymous_3)","decl":{"start":{"line":51,"column":19},"end":{"line":51,"column":20}},"loc":{"start":{"line":51,"column":32},"end":{"line":55,"column":1}},"line":51},"4":{"name":"(anonymous_4)","decl":{"start":{"line":57,"column":25},"end":{"line":57,"column":26}},"loc":{"start":{"line":57,"column":38},"end":{"line":73,"column":1}},"line":57},"5":{"name":"(anonymous_5)","decl":{"start":{"line":60,"column":8},"end":{"line":60,"column":9}},"loc":{"start":{"line":60,"column":26},"end":{"line":72,"column":3}},"line":60},"6":{"name":"(anonymous_6)","decl":{"start":{"line":81,"column":27},"end":{"line":81,"column":28}},"loc":{"start":{"line":81,"column":38},"end":{"line":90,"column":1}},"line":81},"7":{"name":"(anonymous_7)","decl":{"start":{"line":93,"column":23},"end":{"line":93,"column":24}},"loc":{"start":{"line":93,"column":36},"end":{"line":108,"column":1}},"line":93},"8":{"name":"(anonymous_8)","decl":{"start":{"line":96,"column":8},"end":{"line":96,"column":9}},"loc":{"start":{"line":96,"column":26},"end":{"line":107,"column":3}},"line":96},"9":{"name":"(anonymous_9)","decl":{"start":{"line":110,"column":17},"end":{"line":110,"column":18}},"loc":{"start":{"line":110,"column":39},"end":{"line":112,"column":1}},"line":110}},"branchMap":{"0":{"loc":{"start":{"line":43,"column":2},"end":{"line":48,"column":3}},"type":"if","locations":[{"start":{"line":43,"column":2},"end":{"line":48,"column":3}},{"start":{"line":46,"column":6},"end":{"line":48,"column":3}}],"line":43},"1":{"loc":{"start":{"line":63,"column":4},"end":{"line":70,"column":5}},"type":"if","locations":[{"start":{"line":63,"column":4},"end":{"line":70,"column":5}},{"start":{"line":67,"column":8},"end":{"line":70,"column":5}}],"line":63},"2":{"loc":{"start":{"line":84,"column":2},"end":{"line":89,"column":3}},"type":"if","locations":[{"start":{"line":84,"column":2},"end":{"line":89,"column":3}},{"start":{"line":87,"column":6},"end":{"line":89,"column":3}}],"line":84},"3":{"loc":{"start":{"line":99,"column":4},"end":{"line":105,"column":5}},"type":"if","locations":[{"start":{"line":99,"column":4},"end":{"line":105,"column":5}},{"start":{"line":103,"column":8},"end":{"line":105,"column":5}}],"line":99}},"s":{"0":0,"1":0,"2":0,"3":0,"4":0,"5":0,"6":0,"7":0,"8":0,"9":0,"10":0,"11":0,"12":0,"13":0,"14":0,"15":0,"16":0,"17":0,"18":0,"19":0,"20":0,"21":0,"22":0,"23":0,"24":0,"25":0,"26":0,"27":0,"28":0,"29":0,"30":0,"31":0,"32":0,"33":0,"34":0,"35":0,"36":0,"37":0,"38":0,"39":0,"40":0,"41":0,"42":0,"43":0,"44":0,"45":0,"46":0,"47":0},"f":{"0":0,"1":0,"2":0,"3":0,"4":0,"5":0,"6":0,"7":0,"8":0,"9":0},"b":{"0":[0,0],"1":[0,0],"2":[0,0],"3":[0,0]}}
,"C:\\Users\\Abdullah Karolia\\Desktop\\Project ARENA\\website\\src\\views\\register.js": {"path":"C:\\Users\\Abdullah Karolia\\Desktop\\Project ARENA\\website\\src\\views\\register.js","statementMap":{"0":{"start":{"line":17,"column":17},"end":{"line":161,"column":1}},"1":{"start":{"line":18,"column":26},"end":{"line":18,"column":38}},"2":{"start":{"line":19,"column":32},"end":{"line":19,"column":44}},"3":{"start":{"line":20,"column":28},"end":{"line":20,"column":40}},"4":{"start":{"line":21,"column":34},"end":{"line":21,"column":46}},"5":{"start":{"line":22,"column":34},"end":{"line":22,"column":46}},"6":{"start":{"line":23,"column":15},"end":{"line":23,"column":38}},"7":{"start":{"line":24,"column":25},"end":{"line":24,"column":56}},"8":{"start":{"line":25,"column":31},"end":{"line":25,"column":43}},"9":{"start":{"line":26,"column":42},"end":{"line":26,"column":54}},"10":{"start":{"line":27,"column":22},"end":{"line":33,"column":3}},"11":{"start":{"line":28,"column":4},"end":{"line":28,"column":147}},"12":{"start":{"line":29,"column":4},"end":{"line":31,"column":13}},"13":{"start":{"line":30,"column":4},"end":{"line":30,"column":57}},"14":{"start":{"line":35,"column":28},"end":{"line":49,"column":3}},"15":{"start":{"line":36,"column":4},"end":{"line":48,"column":7}},"16":{"start":{"line":39,"column":25},"end":{"line":39,"column":38}},"17":{"start":{"line":40,"column":6},"end":{"line":40,"column":33}},"18":{"start":{"line":41,"column":6},"end":{"line":47,"column":7}},"19":{"start":{"line":42,"column":8},"end":{"line":42,"column":56}},"20":{"start":{"line":43,"column":8},"end":{"line":43,"column":22}},"21":{"start":{"line":46,"column":8},"end":{"line":46,"column":51}},"22":{"start":{"line":52,"column":22},"end":{"line":78,"column":3}},"23":{"start":{"line":53,"column":25},"end":{"line":53,"column":53}},"24":{"start":{"line":54,"column":28},"end":{"line":54,"column":81}},"25":{"start":{"line":57,"column":4},"end":{"line":77,"column":5}},"26":{"start":{"line":58,"column":6},"end":{"line":58,"column":40}},"27":{"start":{"line":64,"column":6},"end":{"line":76,"column":7}},"28":{"start":{"line":65,"column":8},"end":{"line":65,"column":28}},"29":{"start":{"line":70,"column":8},"end":{"line":72,"column":9}},"30":{"start":{"line":71,"column":10},"end":{"line":71,"column":56}},"31":{"start":{"line":73,"column":8},"end":{"line":75,"column":9}},"32":{"start":{"line":74,"column":10},"end":{"line":74,"column":62}},"33":{"start":{"line":80,"column":25},"end":{"line":86,"column":3}},"34":{"start":{"line":82,"column":4},"end":{"line":84,"column":6}},"35":{"start":{"line":85,"column":4},"end":{"line":85,"column":19}},"36":{"start":{"line":89,"column":2},"end":{"line":160,"column":4}},"37":{"start":{"line":113,"column":27},"end":{"line":113,"column":50}},"38":{"start":{"line":119,"column":27},"end":{"line":119,"column":53}},"39":{"start":{"line":125,"column":27},"end":{"line":125,"column":51}},"40":{"start":{"line":131,"column":27},"end":{"line":131,"column":54}},"41":{"start":{"line":137,"column":27},"end":{"line":137,"column":54}},"42":{"start":{"line":146,"column":12},"end":{"line":146,"column":51}},"43":{"start":{"line":147,"column":12},"end":{"line":147,"column":29}}},"fnMap":{"0":{"name":"(anonymous_0)","decl":{"start":{"line":17,"column":17},"end":{"line":17,"column":18}},"loc":{"start":{"line":17,"column":28},"end":{"line":161,"column":1}},"line":17},"1":{"name":"(anonymous_1)","decl":{"start":{"line":27,"column":22},"end":{"line":27,"column":23}},"loc":{"start":{"line":27,"column":27},"end":{"line":33,"column":3}},"line":27},"2":{"name":"(anonymous_2)","decl":{"start":{"line":29,"column":15},"end":{"line":29,"column":16}},"loc":{"start":{"line":29,"column":25},"end":{"line":31,"column":5}},"line":29},"3":{"name":"(anonymous_3)","decl":{"start":{"line":35,"column":28},"end":{"line":35,"column":29}},"loc":{"start":{"line":35,"column":33},"end":{"line":49,"column":3}},"line":35},"4":{"name":"(anonymous_4)","decl":{"start":{"line":38,"column":10},"end":{"line":38,"column":11}},"loc":{"start":{"line":38,"column":28},"end":{"line":48,"column":5}},"line":38},"5":{"name":"(anonymous_5)","decl":{"start":{"line":52,"column":22},"end":{"line":52,"column":23}},"loc":{"start":{"line":52,"column":26},"end":{"line":78,"column":3}},"line":52},"6":{"name":"(anonymous_6)","decl":{"start":{"line":80,"column":25},"end":{"line":80,"column":26}},"loc":{"start":{"line":80,"column":31},"end":{"line":86,"column":3}},"line":80},"7":{"name":"(anonymous_7)","decl":{"start":{"line":113,"column":20},"end":{"line":113,"column":21}},"loc":{"start":{"line":113,"column":27},"end":{"line":113,"column":50}},"line":113},"8":{"name":"(anonymous_8)","decl":{"start":{"line":119,"column":20},"end":{"line":119,"column":21}},"loc":{"start":{"line":119,"column":27},"end":{"line":119,"column":53}},"line":119},"9":{"name":"(anonymous_9)","decl":{"start":{"line":125,"column":20},"end":{"line":125,"column":21}},"loc":{"start":{"line":125,"column":27},"end":{"line":125,"column":51}},"line":125},"10":{"name":"(anonymous_10)","decl":{"start":{"line":131,"column":20},"end":{"line":131,"column":21}},"loc":{"start":{"line":131,"column":27},"end":{"line":131,"column":54}},"line":131},"11":{"name":"(anonymous_11)","decl":{"start":{"line":137,"column":20},"end":{"line":137,"column":21}},"loc":{"start":{"line":137,"column":27},"end":{"line":137,"column":54}},"line":137},"12":{"name":"(anonymous_12)","decl":{"start":{"line":145,"column":19},"end":{"line":145,"column":20}},"loc":{"start":{"line":145,"column":25},"end":{"line":148,"column":11}},"line":145}},"branchMap":{"0":{"loc":{"start":{"line":41,"column":6},"end":{"line":47,"column":7}},"type":"if","locations":[{"start":{"line":41,"column":6},"end":{"line":47,"column":7}},{"start":{"line":45,"column":10},"end":{"line":47,"column":7}}],"line":41},"1":{"loc":{"start":{"line":57,"column":4},"end":{"line":77,"column":5}},"type":"if","locations":[{"start":{"line":57,"column":4},"end":{"line":77,"column":5}},{"start":{"line":62,"column":8},"end":{"line":77,"column":5}}],"line":57},"2":{"loc":{"start":{"line":57,"column":7},"end":{"line":57,"column":82}},"type":"binary-expr","locations":[{"start":{"line":57,"column":7},"end":{"line":57,"column":17}},{"start":{"line":57,"column":21},"end":{"line":57,"column":33}},{"start":{"line":57,"column":37},"end":{"line":57,"column":48}},{"start":{"line":57,"column":52},"end":{"line":57,"column":66}},{"start":{"line":57,"column":70},"end":{"line":57,"column":82}}],"line":57},"3":{"loc":{"start":{"line":64,"column":6},"end":{"line":76,"column":7}},"type":"if","locations":[{"start":{"line":64,"column":6},"end":{"line":76,"column":7}},{"start":{"line":68,"column":10},"end":{"line":76,"column":7}}],"line":64},"4":{"loc":{"start":{"line":64,"column":9},"end":{"line":64,"column":67}},"type":"binary-expr","locations":[{"start":{"line":64,"column":9},"end":{"line":64,"column":33}},{"start":{"line":64,"column":37},"end":{"line":64,"column":67}}],"line":64},"5":{"loc":{"start":{"line":70,"column":8},"end":{"line":72,"column":9}},"type":"if","locations":[{"start":{"line":70,"column":8},"end":{"line":72,"column":9}},{"start":{},"end":{}}],"line":70},"6":{"loc":{"start":{"line":73,"column":8},"end":{"line":75,"column":9}},"type":"if","locations":[{"start":{"line":73,"column":8},"end":{"line":75,"column":9}},{"start":{},"end":{}}],"line":73},"7":{"loc":{"start":{"line":153,"column":9},"end":{"line":153,"column":68}},"type":"binary-expr","locations":[{"start":{"line":153,"column":9},"end":{"line":153,"column":21}},{"start":{"line":153,"column":25},"end":{"line":153,"column":68}}],"line":153}},"s":{"0":1,"1":1,"2":1,"3":1,"4":1,"5":1,"6":1,"7":1,"8":1,"9":1,"10":1,"11":0,"12":0,"13":0,"14":1,"15":0,"16":0,"17":0,"18":0,"19":0,"20":0,"21":0,"22":1,"23":0,"24":0,"25":0,"26":0,"27":0,"28":0,"29":0,"30":0,"31":0,"32":0,"33":1,"34":0,"35":0,"36":1,"37":0,"38":0,"39":0,"40":0,"41":0,"42":0,"43":0},"f":{"0":1,"1":0,"2":0,"3":0,"4":0,"5":0,"6":0,"7":0,"8":0,"9":0,"10":0,"11":0,"12":0},"b":{"0":[0,0],"1":[0,0],"2":[0,0,0,0,0],"3":[0,0],"4":[0,0],"5":[0,0],"6":[0,0],"7":[1,0]},"_coverageSchema":"1a1c01bbd47fc00a2c39e90264f33305004495a9","hash":"add65e9a97fcc60f846df1474cc3cbc833049190"}
,"C:\\Users\\Abdullah Karolia\\Desktop\\Project ARENA\\website\\src\\views\\test.js": {"path":"C:\\Users\\Abdullah Karolia\\Desktop\\Project ARENA\\website\\src\\views\\test.js","statementMap":{"0":{"start":{"line":9,"column":13},"end":{"line":24,"column":1}},"1":{"start":{"line":10,"column":2},"end":{"line":23,"column":3}}},"fnMap":{"0":{"name":"(anonymous_0)","decl":{"start":{"line":9,"column":13},"end":{"line":9,"column":14}},"loc":{"start":{"line":9,"column":24},"end":{"line":24,"column":1}},"line":9}},"branchMap":{},"s":{"0":0,"1":0},"f":{"0":0},"b":{}}
}
