TN:
SF:src\components\OverflowCard.js
FN:9,OverflowCard
FN:14,(anonymous_1)
FN:24,(anonymous_2)
FN:28,(anonymous_3)
FNF:4
FNH:0
FNDA:0,OverflowCard
FNDA:0,(anonymous_1)
FNDA:0,(anonymous_2)
FNDA:0,(anonymous_3)
DA:10,0
DA:11,0
DA:12,0
DA:14,0
DA:15,0
DA:16,0
DA:17,0
DA:18,0
DA:19,0
DA:21,0
DA:24,0
DA:25,0
DA:28,0
DA:29,0
DA:30,0
DA:33,0
DA:42,0
DA:51,0
LF:18
LH:0
BRDA:39,0,0,0
BRDA:39,0,1,0
BRDA:48,1,0,0
BRDA:48,1,1,0
BRF:4
BRH:0
end_of_record
TN:
SF:src\components\button.js
FN:5,ButtonIcons
FNF:1
FNH:0
FNDA:0,ButtonIcons
DA:6,0
LF:1
LH:0
BRF:0
BRH:0
end_of_record
TN:
SF:src\components\datagrid.js
FN:5,CustomDataGrid
FNF:1
FNH:1
FNDA:4,CustomDataGrid
DA:6,4
LF:1
LH:1
BRF:0
BRH:0
end_of_record
TN:
SF:src\components\input-box-for-info.js
FN:5,BasicTextFields
FNF:1
FNH:1
FNDA:9,BasicTextFields
DA:6,9
DA:8,9
LF:2
LH:2
BRDA:24,0,0,1
BRDA:24,0,1,8
BRF:2
BRH:2
end_of_record
TN:
SF:src\components\input-textarea.js
FN:5,MultilineTextFields
FNF:1
FNH:0
FNDA:0,MultilineTextFields
DA:6,0
DA:7,0
LF:2
LH:0
BRF:0
BRH:0
end_of_record
